#
# There is insufficient memory for the Java Runtime Environment to continue.
# Native memory allocation (malloc) failed to allocate 1181136 bytes for Chunk::new
# Possible reasons:
#   The system is out of physical RAM or swap space
#   The process is running with CompressedOops enabled, and the Java Heap may be blocking the growth of the native heap
# Possible solutions:
#   Reduce memory load on the system
#   Increase physical memory or swap space
#   Check if swap backing store is full
#   Decrease Java heap size (-Xmx/-Xms)
#   Decrease number of Java threads
#   Decrease Java thread stack sizes (-Xss)
#   Set larger code cache with -XX:ReservedCodeCacheSize=
#   JVM is running with Unscaled Compressed Oops mode in which the Java heap is
#     placed in the first 4GB address space. The Java Heap base address is the
#     maximum limit for the native heap growth. Please use -XX:HeapBaseMinAddress
#     to set the Java Heap base and to place the Java Heap above 4GB virtual address.
# This output file may be truncated or incomplete.
#
#  Out of Memory Error (./src/hotspot/share/memory/arena.cpp:197), pid=23984, tid=24252
#
# JRE version: OpenJDK Runtime Environment (11.0.11+9) (build 11.0.11+9-b60-7590822)
# Java VM: OpenJDK 64-Bit Server VM (11.0.11+9-b60-7590822, mixed mode, tiered, compressed oops, g1 gc, windows-amd64)
# No core dump will be written. Minidumps are not enabled by default on client versions of Windows
#

---------------  S U M M A R Y ------------

Command Line: --add-opens=java.base/java.util=ALL-UNNAMED --add-opens=java.base/java.lang=ALL-UNNAMED --add-opens=java.base/java.lang.invoke=ALL-UNNAMED --add-opens=java.base/java.util=ALL-UNNAMED --add-opens=java.prefs/java.util.prefs=ALL-UNNAMED --add-opens=java.prefs/java.util.prefs=ALL-UNNAMED --add-opens=java.base/java.nio.charset=ALL-UNNAMED --add-opens=java.base/java.net=ALL-UNNAMED --add-opens=java.base/java.util.concurrent.atomic=ALL-UNNAMED -Xmx2048m -Dfile.encoding=UTF-8 -Duser.country=CN -Duser.language=zh -Duser.variant org.gradle.launcher.daemon.bootstrap.GradleDaemon 7.2

Host: Intel(R) Core(TM) i5-8265U CPU @ 1.60GHz, 8 cores, 7G,  Windows 10 , 64 bit Build 22598 (10.0.22598.1)
Time: Mon May 30 01:16:18 2022 中国标准时间 elapsed time: 28.425752 seconds (0d 0h 0m 28s)

---------------  T H R E A D  ---------------

Current thread (0x0000022506059000):  JavaThread "C2 CompilerThread0" daemon [_thread_in_native, id=24252, stack(0x0000008684d00000,0x0000008684e00000)]


Current CompileTask:
C2:  28425 7527       4       groovy.lang.MetaClassImpl::addMetaMethodToIndex (65 bytes)

Stack: [0x0000008684d00000,0x0000008684e00000]
Native frames: (J=compiled Java code, j=interpreted, Vv=VM code, C=native code)
V  [jvm.dll+0x5f214a]
V  [jvm.dll+0x726fb5]
V  [jvm.dll+0x7285cd]
V  [jvm.dll+0x728c83]
V  [jvm.dll+0x243278]
V  [jvm.dll+0xbc53c]
V  [jvm.dll+0xbca3c]
V  [jvm.dll+0x353e3b]
V  [jvm.dll+0x321893]
V  [jvm.dll+0x320d8a]
V  [jvm.dll+0x1fc1e2]
V  [jvm.dll+0x1fb3d4]
V  [jvm.dll+0x183d6c]
V  [jvm.dll+0x209a57]
V  [jvm.dll+0x2082a1]
V  [jvm.dll+0x6ef58f]
V  [jvm.dll+0x6e80b5]
V  [jvm.dll+0x5f1036]
C  [ucrtbase.dll+0x29363]
C  [KERNEL32.DLL+0x1244d]
C  [ntdll.dll+0x5df88]


---------------  P R O C E S S  ---------------

Threads class SMR info:
_java_thread_list=0x000002250dcb36e0, length=123, elements={
0x000002256b2b8800, 0x000002257f75e800, 0x000002257f763000, 0x000002257f77f800,
0x0000022506008800, 0x000002250600e000, 0x0000022506059000, 0x000002250605b000,
0x000002250605e000, 0x00000225061b4000, 0x0000022507b8f000, 0x00000225071a5800,
0x00000225076e1800, 0x000002250639b000, 0x00000225078d6800, 0x000002250766c800,
0x0000022507734800, 0x0000022508020000, 0x0000022508021000, 0x0000022509020000,
0x0000022509021000, 0x0000022509025000, 0x0000022509027000, 0x0000022509022000,
0x0000022509022800, 0x0000022509023800, 0x0000022509024800, 0x0000022509026000,
0x000002250b353000, 0x000002250b354800, 0x000002250b34f000, 0x000002250b354000,
0x000002250b355800, 0x000002250b352000, 0x000002250b351800, 0x000002250b34f800,
0x000002250b356800, 0x000002250b350800, 0x000002250b35c000, 0x000002250b357000,
0x000002250b358800, 0x000002250b35a800, 0x000002250b35b000, 0x000002250892c000,
0x000002250892a800, 0x0000022508927800, 0x000002250892b800, 0x000002250892d000,
0x0000022508929000, 0x0000022508929800, 0x000002250892e000, 0x0000022508928000,
0x0000022508932000, 0x0000022508930800, 0x000002250892e800, 0x0000022508935000,
0x0000022508931000, 0x000002250892f800, 0x0000022508936000, 0x0000022508932800,
0x0000022508933800, 0x0000022508934800, 0x00000225070ba000, 0x00000225070b6800,
0x00000225070ba800, 0x00000225070bb800, 0x00000225070b5800, 0x00000225070bc000,
0x00000225070bd000, 0x00000225070b7800, 0x00000225070b8000, 0x00000225070be000,
0x00000225070be800, 0x00000225070b9000, 0x00000225070c3800, 0x00000225070bf800,
0x00000225070c2000, 0x00000225070c4800, 0x00000225070c3000, 0x00000225070c0800,
0x00000225070c1000, 0x0000022509628000, 0x0000022509626800, 0x0000022509624800,
0x0000022509625800, 0x0000022509627000, 0x0000022509624000, 0x0000022509629800,
0x000002250962a800, 0x000002250962b000, 0x000002250962c000, 0x000002250962e800,
0x000002250962d000, 0x000002250962d800, 0x0000022509629000, 0x0000022509630000,
0x0000022509632800, 0x000002250962f800, 0x0000022509631000, 0x0000022509632000,
0x0000022508482800, 0x000002250847d000, 0x0000022508483800, 0x000002250847e000,
0x000002250847e800, 0x0000022508485000, 0x0000022508484800, 0x000002250847f800,
0x0000022508482000, 0x0000022508486000, 0x0000022508480000, 0x0000022508487000,
0x0000022508481000, 0x0000022508489000, 0x000002250848b000, 0x0000022508487800,
0x0000022508488800, 0x000002250848a000, 0x000002250848b800, 0x00000225099f1000,
0x00000225099ee800, 0x00000225099ec000, 0x00000225099f0000
}

Java Threads: ( => current thread )
  0x000002256b2b8800 JavaThread "main" [_thread_blocked, id=10380, stack(0x0000008684100000,0x0000008684200000)]
  0x000002257f75e800 JavaThread "Reference Handler" daemon [_thread_blocked, id=18560, stack(0x0000008684800000,0x0000008684900000)]
  0x000002257f763000 JavaThread "Finalizer" daemon [_thread_blocked, id=3776, stack(0x0000008684900000,0x0000008684a00000)]
  0x000002257f77f800 JavaThread "Signal Dispatcher" daemon [_thread_blocked, id=19108, stack(0x0000008684a00000,0x0000008684b00000)]
  0x0000022506008800 JavaThread "Attach Listener" daemon [_thread_blocked, id=23672, stack(0x0000008684b00000,0x0000008684c00000)]
  0x000002250600e000 JavaThread "Service Thread" daemon [_thread_blocked, id=20496, stack(0x0000008684c00000,0x0000008684d00000)]
=>0x0000022506059000 JavaThread "C2 CompilerThread0" daemon [_thread_in_native, id=24252, stack(0x0000008684d00000,0x0000008684e00000)]
  0x000002250605b000 JavaThread "C1 CompilerThread0" daemon [_thread_blocked, id=20356, stack(0x0000008684e00000,0x0000008684f00000)]
  0x000002250605e000 JavaThread "Sweeper thread" daemon [_thread_blocked, id=12848, stack(0x0000008684f00000,0x0000008685000000)]
  0x00000225061b4000 JavaThread "Common-Cleaner" daemon [_thread_blocked, id=7380, stack(0x0000008685000000,0x0000008685100000)]
  0x0000022507b8f000 JavaThread "Daemon health stats" [_thread_blocked, id=5816, stack(0x0000008685500000,0x0000008685600000)]
  0x00000225071a5800 JavaThread "Incoming local TCP Connector on port 62562" [_thread_in_native, id=24536, stack(0x0000008685200000,0x0000008685300000)]
  0x00000225076e1800 JavaThread "Daemon periodic checks" [_thread_blocked, id=22624, stack(0x0000008685600000,0x0000008685700000)]
  0x000002250639b000 JavaThread "Daemon" [_thread_blocked, id=23048, stack(0x0000008685700000,0x0000008685800000)]
  0x00000225078d6800 JavaThread "Handler for socket connection from /127.0.0.1:62562 to /127.0.0.1:62563" [_thread_in_native, id=15940, stack(0x0000008685800000,0x0000008685900000)]
  0x000002250766c800 JavaThread "Cancel handler" [_thread_blocked, id=10412, stack(0x0000008685900000,0x0000008685a00000)]
  0x0000022507734800 JavaThread "Daemon worker" [_thread_in_Java, id=8164, stack(0x0000008685a00000,0x0000008685b00000)]
  0x0000022508020000 JavaThread "Asynchronous log dispatcher for DefaultDaemonConnection: socket connection from /127.0.0.1:62562 to /127.0.0.1:62563" [_thread_blocked, id=4400, stack(0x0000008685b00000,0x0000008685c00000)]
  0x0000022508021000 JavaThread "Stdin handler" [_thread_blocked, id=24124, stack(0x0000008685c00000,0x0000008685d00000)]
  0x0000022509020000 JavaThread "Daemon client event forwarder" [_thread_blocked, id=24420, stack(0x0000008685d00000,0x0000008685e00000)]
  0x0000022509021000 JavaThread "Cache worker for journal cache (C:\Users\86157\.gradle\caches\journal-1)" [_thread_blocked, id=6964, stack(0x0000008686300000,0x0000008686400000)]
  0x0000022509025000 JavaThread "File lock request listener" [_thread_in_native, id=1392, stack(0x0000008686400000,0x0000008686500000)]
  0x0000022509027000 JavaThread "Cache worker for file hash cache (C:\Users\86157\.gradle\caches\7.2\fileHashes)" [_thread_blocked, id=24116, stack(0x0000008686600000,0x0000008686700000)]
  0x0000022509022000 JavaThread "File lock release action executor" [_thread_blocked, id=24108, stack(0x0000008686700000,0x0000008686800000)]
  0x0000022509022800 JavaThread "Cache worker for file hash cache (C:\Users\86157\AndroidStudioProjects\BookManagement\.gradle\7.2\fileHashes)" [_thread_blocked, id=764, stack(0x0000008686800000,0x0000008686900000)]
  0x0000022509023800 JavaThread "File watcher server" daemon [_thread_in_native, id=19276, stack(0x0000008686a00000,0x0000008686b00000)]
  0x0000022509024800 JavaThread "File watcher consumer" daemon [_thread_blocked, id=24256, stack(0x0000008686b00000,0x0000008686c00000)]
  0x0000022509026000 JavaThread "jar transforms" [_thread_blocked, id=428, stack(0x0000008686c00000,0x0000008686d00000)]
  0x000002250b353000 JavaThread "jar transforms Thread 2" [_thread_blocked, id=18344, stack(0x0000008686d00000,0x0000008686e00000)]
  0x000002250b354800 JavaThread "jar transforms Thread 3" [_thread_blocked, id=13728, stack(0x0000008686e00000,0x0000008686f00000)]
  0x000002250b34f000 JavaThread "jar transforms Thread 4" [_thread_blocked, id=22744, stack(0x0000008686f00000,0x0000008687000000)]
  0x000002250b354000 JavaThread "jar transforms Thread 5" [_thread_blocked, id=24136, stack(0x0000008687000000,0x0000008687100000)]
  0x000002250b355800 JavaThread "jar transforms Thread 6" [_thread_blocked, id=24568, stack(0x0000008687100000,0x0000008687200000)]
  0x000002250b352000 JavaThread "jar transforms Thread 7" [_thread_blocked, id=22984, stack(0x0000008687200000,0x0000008687300000)]
  0x000002250b351800 JavaThread "jar transforms Thread 8" [_thread_blocked, id=3780, stack(0x0000008687300000,0x0000008687400000)]
  0x000002250b34f800 JavaThread "Cache worker for checksums cache (C:\Users\86157\AndroidStudioProjects\BookManagement\.gradle\checksums)" [_thread_blocked, id=3652, stack(0x0000008687400000,0x0000008687500000)]
  0x000002250b356800 JavaThread "Cache worker for cache directory md-supplier (C:\Users\86157\.gradle\caches\7.2\md-supplier)" [_thread_blocked, id=19876, stack(0x0000008687500000,0x0000008687600000)]
  0x000002250b350800 JavaThread "Cache worker for cache directory md-rule (C:\Users\86157\.gradle\caches\7.2\md-rule)" [_thread_blocked, id=9252, stack(0x0000008686900000,0x0000008686a00000)]
  0x000002250b35c000 JavaThread "Cache worker for execution history cache (C:\Users\86157\.gradle\caches\7.2\executionHistory)" [_thread_blocked, id=16348, stack(0x0000008687600000,0x0000008687700000)]
  0x000002250b357000 JavaThread "Cache worker for file content cache (C:\Users\86157\.gradle\caches\7.2\fileContent)" [_thread_blocked, id=14988, stack(0x0000008687800000,0x0000008687900000)]
  0x000002250b358800 JavaThread "Cache worker for dependencies-accessors (C:\Users\86157\AndroidStudioProjects\BookManagement\.gradle\7.2\dependencies-accessors)" [_thread_blocked, id=3132, stack(0x0000008687900000,0x0000008687a00000)]
  0x000002250b35a800 JavaThread "Cache worker for Build Output Cleanup Cache (C:\Users\86157\AndroidStudioProjects\BookManagement\.gradle\buildOutputCleanup)" [_thread_blocked, id=2168, stack(0x0000008687a00000,0x0000008687b00000)]
  0x000002250b35b000 JavaThread "Unconstrained build operations" [_thread_blocked, id=24404, stack(0x0000008687b00000,0x0000008687c00000)]
  0x000002250892c000 JavaThread "Unconstrained build operations Thread 2" [_thread_blocked, id=19084, stack(0x0000008687c00000,0x0000008687d00000)]
  0x000002250892a800 JavaThread "Unconstrained build operations Thread 3" [_thread_blocked, id=20432, stack(0x0000008687d00000,0x0000008687e00000)]
  0x0000022508927800 JavaThread "Unconstrained build operations Thread 4" [_thread_blocked, id=11908, stack(0x0000008687e00000,0x0000008687f00000)]
  0x000002250892b800 JavaThread "Unconstrained build operations Thread 5" [_thread_blocked, id=10852, stack(0x0000008687f00000,0x0000008688000000)]
  0x000002250892d000 JavaThread "Unconstrained build operations Thread 6" [_thread_blocked, id=22244, stack(0x0000008688000000,0x0000008688100000)]
  0x0000022508929000 JavaThread "Unconstrained build operations Thread 7" [_thread_blocked, id=14404, stack(0x0000008688100000,0x0000008688200000)]
  0x0000022508929800 JavaThread "Unconstrained build operations Thread 8" [_thread_blocked, id=1576, stack(0x0000008688200000,0x0000008688300000)]
  0x000002250892e000 JavaThread "Unconstrained build operations Thread 9" [_thread_blocked, id=19564, stack(0x0000008688300000,0x0000008688400000)]
  0x0000022508928000 JavaThread "Unconstrained build operations Thread 10" [_thread_blocked, id=23932, stack(0x0000008688400000,0x0000008688500000)]
  0x0000022508932000 JavaThread "Unconstrained build operations Thread 11" [_thread_blocked, id=19624, stack(0x0000008688500000,0x0000008688600000)]
  0x0000022508930800 JavaThread "Unconstrained build operations Thread 12" [_thread_blocked, id=12796, stack(0x0000008688600000,0x0000008688700000)]
  0x000002250892e800 JavaThread "Unconstrained build operations Thread 13" [_thread_blocked, id=23692, stack(0x0000008688700000,0x0000008688800000)]
  0x0000022508935000 JavaThread "Unconstrained build operations Thread 14" [_thread_blocked, id=24204, stack(0x0000008688800000,0x0000008688900000)]
  0x0000022508931000 JavaThread "Unconstrained build operations Thread 15" [_thread_blocked, id=9932, stack(0x0000008688900000,0x0000008688a00000)]
  0x000002250892f800 JavaThread "Unconstrained build operations Thread 16" [_thread_blocked, id=17476, stack(0x0000008688a00000,0x0000008688b00000)]
  0x0000022508936000 JavaThread "Unconstrained build operations Thread 17" [_thread_blocked, id=6696, stack(0x0000008688b00000,0x0000008688c00000)]
  0x0000022508932800 JavaThread "Unconstrained build operations Thread 18" [_thread_blocked, id=2928, stack(0x0000008688c00000,0x0000008688d00000)]
  0x0000022508933800 JavaThread "Unconstrained build operations Thread 19" [_thread_blocked, id=12060, stack(0x0000008688d00000,0x0000008688e00000)]
  0x0000022508934800 JavaThread "Unconstrained build operations Thread 20" [_thread_blocked, id=24572, stack(0x0000008688e00000,0x0000008688f00000)]
  0x00000225070ba000 JavaThread "Unconstrained build operations Thread 21" [_thread_blocked, id=20452, stack(0x0000008688f00000,0x0000008689000000)]
  0x00000225070b6800 JavaThread "Unconstrained build operations Thread 22" [_thread_blocked, id=21020, stack(0x0000008689000000,0x0000008689100000)]
  0x00000225070ba800 JavaThread "Unconstrained build operations Thread 23" [_thread_blocked, id=13656, stack(0x0000008689100000,0x0000008689200000)]
  0x00000225070bb800 JavaThread "Unconstrained build operations Thread 24" [_thread_blocked, id=9624, stack(0x0000008689200000,0x0000008689300000)]
  0x00000225070b5800 JavaThread "Unconstrained build operations Thread 25" [_thread_blocked, id=13112, stack(0x0000008689300000,0x0000008689400000)]
  0x00000225070bc000 JavaThread "Unconstrained build operations Thread 26" [_thread_blocked, id=14928, stack(0x0000008689400000,0x0000008689500000)]
  0x00000225070bd000 JavaThread "Unconstrained build operations Thread 27" [_thread_blocked, id=10028, stack(0x0000008689500000,0x0000008689600000)]
  0x00000225070b7800 JavaThread "Unconstrained build operations Thread 28" [_thread_blocked, id=20400, stack(0x0000008689600000,0x0000008689700000)]
  0x00000225070b8000 JavaThread "Unconstrained build operations Thread 29" [_thread_blocked, id=21068, stack(0x0000008689700000,0x0000008689800000)]
  0x00000225070be000 JavaThread "Unconstrained build operations Thread 30" [_thread_blocked, id=15108, stack(0x0000008689800000,0x0000008689900000)]
  0x00000225070be800 JavaThread "Unconstrained build operations Thread 31" [_thread_blocked, id=23244, stack(0x0000008689900000,0x0000008689a00000)]
  0x00000225070b9000 JavaThread "Unconstrained build operations Thread 32" [_thread_blocked, id=20300, stack(0x0000008689a00000,0x0000008689b00000)]
  0x00000225070c3800 JavaThread "Unconstrained build operations Thread 33" [_thread_blocked, id=11336, stack(0x0000008689b00000,0x0000008689c00000)]
  0x00000225070bf800 JavaThread "Unconstrained build operations Thread 34" [_thread_blocked, id=2520, stack(0x0000008689c00000,0x0000008689d00000)]
  0x00000225070c2000 JavaThread "Unconstrained build operations Thread 35" [_thread_blocked, id=15760, stack(0x0000008689d00000,0x0000008689e00000)]
  0x00000225070c4800 JavaThread "Unconstrained build operations Thread 36" [_thread_blocked, id=21028, stack(0x0000008689e00000,0x0000008689f00000)]
  0x00000225070c3000 JavaThread "Unconstrained build operations Thread 37" [_thread_blocked, id=22464, stack(0x0000008689f00000,0x000000868a000000)]
  0x00000225070c0800 JavaThread "Unconstrained build operations Thread 38" [_thread_blocked, id=12420, stack(0x000000868a000000,0x000000868a100000)]
  0x00000225070c1000 JavaThread "Unconstrained build operations Thread 39" [_thread_blocked, id=23508, stack(0x000000868a100000,0x000000868a200000)]
  0x0000022509628000 JavaThread "Unconstrained build operations Thread 40" [_thread_blocked, id=16192, stack(0x000000868a200000,0x000000868a300000)]
  0x0000022509626800 JavaThread "Unconstrained build operations Thread 41" [_thread_blocked, id=17588, stack(0x000000868a300000,0x000000868a400000)]
  0x0000022509624800 JavaThread "Unconstrained build operations Thread 42" [_thread_blocked, id=24048, stack(0x000000868a400000,0x000000868a500000)]
  0x0000022509625800 JavaThread "Unconstrained build operations Thread 43" [_thread_blocked, id=5260, stack(0x000000868a500000,0x000000868a600000)]
  0x0000022509627000 JavaThread "Unconstrained build operations Thread 44" [_thread_blocked, id=14764, stack(0x000000868a600000,0x000000868a700000)]
  0x0000022509624000 JavaThread "Unconstrained build operations Thread 45" [_thread_blocked, id=11684, stack(0x000000868a700000,0x000000868a800000)]
  0x0000022509629800 JavaThread "Unconstrained build operations Thread 46" [_thread_blocked, id=24452, stack(0x000000868a800000,0x000000868a900000)]
  0x000002250962a800 JavaThread "Unconstrained build operations Thread 47" [_thread_blocked, id=2496, stack(0x000000868a900000,0x000000868aa00000)]
  0x000002250962b000 JavaThread "Unconstrained build operations Thread 48" [_thread_blocked, id=13772, stack(0x000000868aa00000,0x000000868ab00000)]
  0x000002250962c000 JavaThread "Unconstrained build operations Thread 49" [_thread_blocked, id=10732, stack(0x000000868ab00000,0x000000868ac00000)]
  0x000002250962e800 JavaThread "Unconstrained build operations Thread 50" [_thread_blocked, id=24280, stack(0x000000868ac00000,0x000000868ad00000)]
  0x000002250962d000 JavaThread "Unconstrained build operations Thread 51" [_thread_blocked, id=17132, stack(0x000000868ad00000,0x000000868ae00000)]
  0x000002250962d800 JavaThread "Unconstrained build operations Thread 52" [_thread_blocked, id=11172, stack(0x000000868ae00000,0x000000868af00000)]
  0x0000022509629000 JavaThread "Unconstrained build operations Thread 53" [_thread_blocked, id=20636, stack(0x000000868af00000,0x000000868b000000)]
  0x0000022509630000 JavaThread "Unconstrained build operations Thread 54" [_thread_blocked, id=24064, stack(0x000000868b000000,0x000000868b100000)]
  0x0000022509632800 JavaThread "Unconstrained build operations Thread 55" [_thread_blocked, id=15416, stack(0x000000868b100000,0x000000868b200000)]
  0x000002250962f800 JavaThread "Unconstrained build operations Thread 56" [_thread_blocked, id=19776, stack(0x000000868b200000,0x000000868b300000)]
  0x0000022509631000 JavaThread "Unconstrained build operations Thread 57" [_thread_blocked, id=2356, stack(0x000000868b300000,0x000000868b400000)]
  0x0000022509632000 JavaThread "Unconstrained build operations Thread 58" [_thread_blocked, id=6332, stack(0x000000868b400000,0x000000868b500000)]
  0x0000022508482800 JavaThread "Unconstrained build operations Thread 59" [_thread_blocked, id=20504, stack(0x000000868b500000,0x000000868b600000)]
  0x000002250847d000 JavaThread "Unconstrained build operations Thread 60" [_thread_blocked, id=24516, stack(0x000000868b600000,0x000000868b700000)]
  0x0000022508483800 JavaThread "Unconstrained build operations Thread 61" [_thread_blocked, id=24328, stack(0x000000868b700000,0x000000868b800000)]
  0x000002250847e000 JavaThread "Unconstrained build operations Thread 62" [_thread_blocked, id=22552, stack(0x000000868b800000,0x000000868b900000)]
  0x000002250847e800 JavaThread "Unconstrained build operations Thread 63" [_thread_blocked, id=15876, stack(0x000000868b900000,0x000000868ba00000)]
  0x0000022508485000 JavaThread "Unconstrained build operations Thread 64" [_thread_blocked, id=23852, stack(0x000000868ba00000,0x000000868bb00000)]
  0x0000022508484800 JavaThread "Unconstrained build operations Thread 65" [_thread_blocked, id=5736, stack(0x000000868bb00000,0x000000868bc00000)]
  0x000002250847f800 JavaThread "Unconstrained build operations Thread 66" [_thread_blocked, id=16884, stack(0x000000868bc00000,0x000000868bd00000)]
  0x0000022508482000 JavaThread "Unconstrained build operations Thread 67" [_thread_blocked, id=19036, stack(0x000000868bd00000,0x000000868be00000)]
  0x0000022508486000 JavaThread "Unconstrained build operations Thread 68" [_thread_blocked, id=12444, stack(0x000000868be00000,0x000000868bf00000)]
  0x0000022508480000 JavaThread "Unconstrained build operations Thread 69" [_thread_blocked, id=19140, stack(0x000000868bf00000,0x000000868c000000)]
  0x0000022508487000 JavaThread "Unconstrained build operations Thread 70" [_thread_blocked, id=23604, stack(0x000000868c000000,0x000000868c100000)]
  0x0000022508481000 JavaThread "Unconstrained build operations Thread 71" [_thread_blocked, id=20252, stack(0x000000868c100000,0x000000868c200000)]
  0x0000022508489000 JavaThread "Unconstrained build operations Thread 72" [_thread_blocked, id=2852, stack(0x000000868c200000,0x000000868c300000)]
  0x000002250848b000 JavaThread "Unconstrained build operations Thread 73" [_thread_blocked, id=11460, stack(0x000000868c300000,0x000000868c400000)]
  0x0000022508487800 JavaThread "Unconstrained build operations Thread 74" [_thread_blocked, id=22900, stack(0x000000868c400000,0x000000868c500000)]
  0x0000022508488800 JavaThread "Unconstrained build operations Thread 75" [_thread_blocked, id=21812, stack(0x000000868c500000,0x000000868c600000)]
  0x000002250848a000 JavaThread "Unconstrained build operations Thread 76" [_thread_blocked, id=24216, stack(0x000000868c600000,0x000000868c700000)]
  0x000002250848b800 JavaThread "Unconstrained build operations Thread 77" [_thread_blocked, id=24288, stack(0x000000868c700000,0x000000868c800000)]
  0x00000225099f1000 JavaThread "Unconstrained build operations Thread 78" [_thread_blocked, id=22520, stack(0x000000868c800000,0x000000868c900000)]
  0x00000225099ee800 JavaThread "Unconstrained build operations Thread 79" [_thread_blocked, id=8856, stack(0x000000868c900000,0x000000868ca00000)]
  0x00000225099ec000 JavaThread "Unconstrained build operations Thread 80" [_thread_blocked, id=1508, stack(0x000000868ca00000,0x000000868cb00000)]
  0x00000225099f0000 JavaThread "Memory manager" [_thread_blocked, id=24824, stack(0x0000008687700000,0x0000008687800000)]

Other Threads:
  0x000002257f75c800 VMThread "VM Thread" [stack: 0x0000008684700000,0x0000008684800000] [id=23640]
  0x00000225061cc000 WatcherThread [stack: 0x0000008685100000,0x0000008685200000] [id=12708]
  0x000002256b2d2000 GCTaskThread "GC Thread#0" [stack: 0x0000008684200000,0x0000008684300000] [id=4420]
  0x0000022506c51800 GCTaskThread "GC Thread#1" [stack: 0x0000008685300000,0x0000008685400000] [id=24472]
  0x00000225072cf000 GCTaskThread "GC Thread#2" [stack: 0x0000008685400000,0x0000008685500000] [id=20204]
  0x0000022507bcd000 GCTaskThread "GC Thread#3" [stack: 0x0000008685e00000,0x0000008685f00000] [id=24020]
  0x0000022507025800 GCTaskThread "GC Thread#4" [stack: 0x0000008685f00000,0x0000008686000000] [id=24268]
  0x0000022507026800 GCTaskThread "GC Thread#5" [stack: 0x0000008686000000,0x0000008686100000] [id=2476]
  0x0000022507027000 GCTaskThread "GC Thread#6" [stack: 0x0000008686100000,0x0000008686200000] [id=6604]
  0x0000022507028000 GCTaskThread "GC Thread#7" [stack: 0x0000008686200000,0x0000008686300000] [id=23616]
  0x000002256b304000 ConcurrentGCThread "G1 Main Marker" [stack: 0x0000008684300000,0x0000008684400000] [id=21120]
  0x000002256b306800 ConcurrentGCThread "G1 Conc#0" [stack: 0x0000008684400000,0x0000008684500000] [id=17056]
  0x000002250866a800 ConcurrentGCThread "G1 Conc#1" [stack: 0x0000008686500000,0x0000008686600000] [id=22956]
  0x000002256b387000 ConcurrentGCThread "G1 Refine#0" [stack: 0x0000008684500000,0x0000008684600000] [id=13576]
  0x000002257f5b0800 ConcurrentGCThread "G1 Young RemSet Sampling" [stack: 0x0000008684600000,0x0000008684700000] [id=19700]

Threads with active compile tasks:
C2 CompilerThread0  28482 7527       4       groovy.lang.MetaClassImpl::addMetaMethodToIndex (65 bytes)

VM state:not at safepoint (normal execution)

VM Mutex/Monitor currently owned by a thread: None

Heap address: 0x0000000080000000, size: 2048 MB, Compressed Oops mode: 32-bit
Narrow klass base: 0x0000000000000000, Narrow klass shift: 3
Compressed class space size: 1073741824 Address: 0x0000000100000000

Heap:
 garbage-first heap   total 129024K, used 86071K [0x0000000080000000, 0x0000000100000000)
  region size 1024K, 5 young (5120K), 4 survivors (4096K)
 Metaspace       used 73603K, capacity 75494K, committed 75804K, reserved 1114112K
  class space    used 9587K, capacity 10265K, committed 10348K, reserved 1048576K
Heap Regions: E=young(eden), S=young(survivor), O=old, HS=humongous(starts), HC=humongous(continues), CS=collection set, F=free, A=archive, TAMS=top-at-mark-start (previous, next)
|   0|0x0000000080000000, 0x0000000080100000, 0x0000000080100000|100%| O|  |TAMS 0x0000000080100000, 0x0000000080100000| Untracked 
|   1|0x0000000080100000, 0x0000000080200000, 0x0000000080200000|100%| O|  |TAMS 0x0000000080200000, 0x0000000080200000| Untracked 
|   2|0x0000000080200000, 0x0000000080300000, 0x0000000080300000|100%| O|  |TAMS 0x0000000080300000, 0x0000000080300000| Untracked 
|   3|0x0000000080300000, 0x0000000080400000, 0x0000000080400000|100%|HS|  |TAMS 0x0000000080400000, 0x0000000080400000| Complete 
|   4|0x0000000080400000, 0x0000000080500000, 0x0000000080500000|100%|HC|  |TAMS 0x0000000080500000, 0x0000000080500000| Complete 
|   5|0x0000000080500000, 0x0000000080600000, 0x0000000080600000|100%|HC|  |TAMS 0x0000000080600000, 0x0000000080600000| Complete 
|   6|0x0000000080600000, 0x0000000080700000, 0x0000000080700000|100%| O|  |TAMS 0x0000000080700000, 0x0000000080700000| Untracked 
|   7|0x0000000080700000, 0x0000000080800000, 0x0000000080800000|100%| O|  |TAMS 0x0000000080800000, 0x0000000080800000| Untracked 
|   8|0x0000000080800000, 0x0000000080900000, 0x0000000080900000|100%| O|  |TAMS 0x0000000080900000, 0x0000000080900000| Untracked 
|   9|0x0000000080900000, 0x0000000080a00000, 0x0000000080a00000|100%| O|  |TAMS 0x0000000080a00000, 0x0000000080a00000| Untracked 
|  10|0x0000000080a00000, 0x0000000080b00000, 0x0000000080b00000|100%| O|  |TAMS 0x0000000080b00000, 0x0000000080b00000| Untracked 
|  11|0x0000000080b00000, 0x0000000080c00000, 0x0000000080c00000|100%| O|  |TAMS 0x0000000080c00000, 0x0000000080c00000| Untracked 
|  12|0x0000000080c00000, 0x0000000080d00000, 0x0000000080d00000|100%| O|  |TAMS 0x0000000080d00000, 0x0000000080d00000| Untracked 
|  13|0x0000000080d00000, 0x0000000080e00000, 0x0000000080e00000|100%| O|  |TAMS 0x0000000080e00000, 0x0000000080e00000| Untracked 
|  14|0x0000000080e00000, 0x0000000080f00000, 0x0000000080f00000|100%| O|  |TAMS 0x0000000080f00000, 0x0000000080f00000| Untracked 
|  15|0x0000000080f00000, 0x0000000081000000, 0x0000000081000000|100%| O|  |TAMS 0x0000000081000000, 0x0000000081000000| Untracked 
|  16|0x0000000081000000, 0x0000000081100000, 0x0000000081100000|100%|HS|  |TAMS 0x0000000081100000, 0x0000000081100000| Complete 
|  17|0x0000000081100000, 0x0000000081200000, 0x0000000081200000|100%|HC|  |TAMS 0x0000000081200000, 0x0000000081200000| Complete 
|  18|0x0000000081200000, 0x0000000081300000, 0x0000000081300000|100%|HS|  |TAMS 0x0000000081300000, 0x0000000081300000| Complete 
|  19|0x0000000081300000, 0x0000000081400000, 0x0000000081400000|100%|HC|  |TAMS 0x0000000081400000, 0x0000000081400000| Complete 
|  20|0x0000000081400000, 0x0000000081500000, 0x0000000081500000|100%|HC|  |TAMS 0x0000000081500000, 0x0000000081500000| Complete 
|  21|0x0000000081500000, 0x0000000081600000, 0x0000000081600000|100%|HS|  |TAMS 0x0000000081600000, 0x0000000081600000| Complete 
|  22|0x0000000081600000, 0x0000000081700000, 0x0000000081700000|100%|HC|  |TAMS 0x0000000081700000, 0x0000000081700000| Complete 
|  23|0x0000000081700000, 0x0000000081800000, 0x0000000081800000|100%|HC|  |TAMS 0x0000000081800000, 0x0000000081800000| Complete 
|  24|0x0000000081800000, 0x0000000081900000, 0x0000000081900000|100%|HC|  |TAMS 0x0000000081900000, 0x0000000081900000| Complete 
|  25|0x0000000081900000, 0x0000000081a00000, 0x0000000081a00000|100%| O|  |TAMS 0x0000000081a00000, 0x0000000081a00000| Untracked 
|  26|0x0000000081a00000, 0x0000000081b00000, 0x0000000081b00000|100%| O|  |TAMS 0x0000000081b00000, 0x0000000081b00000| Untracked 
|  27|0x0000000081b00000, 0x0000000081c00000, 0x0000000081c00000|100%| O|  |TAMS 0x0000000081c00000, 0x0000000081c00000| Untracked 
|  28|0x0000000081c00000, 0x0000000081d00000, 0x0000000081d00000|100%| O|  |TAMS 0x0000000081d00000, 0x0000000081d00000| Untracked 
|  29|0x0000000081d00000, 0x0000000081e00000, 0x0000000081e00000|100%| O|  |TAMS 0x0000000081e00000, 0x0000000081e00000| Untracked 
|  30|0x0000000081e00000, 0x0000000081f00000, 0x0000000081f00000|100%| O|  |TAMS 0x0000000081f00000, 0x0000000081f00000| Untracked 
|  31|0x0000000081f00000, 0x0000000082000000, 0x0000000082000000|100%| O|  |TAMS 0x0000000082000000, 0x0000000082000000| Untracked 
|  32|0x0000000082000000, 0x0000000082100000, 0x0000000082100000|100%|HS|  |TAMS 0x0000000082100000, 0x0000000082100000| Complete 
|  33|0x0000000082100000, 0x0000000082200000, 0x0000000082200000|100%|HC|  |TAMS 0x0000000082200000, 0x0000000082200000| Complete 
|  34|0x0000000082200000, 0x0000000082300000, 0x0000000082300000|100%|HC|  |TAMS 0x0000000082300000, 0x0000000082300000| Complete 
|  35|0x0000000082300000, 0x0000000082400000, 0x0000000082400000|100%| O|  |TAMS 0x0000000082400000, 0x0000000082400000| Untracked 
|  36|0x0000000082400000, 0x0000000082500000, 0x0000000082500000|100%| O|  |TAMS 0x0000000082500000, 0x0000000082500000| Untracked 
|  37|0x0000000082500000, 0x0000000082600000, 0x0000000082600000|100%| O|  |TAMS 0x0000000082600000, 0x0000000082600000| Untracked 
|  38|0x0000000082600000, 0x0000000082700000, 0x0000000082700000|100%| O|  |TAMS 0x0000000082700000, 0x0000000082700000| Untracked 
|  39|0x0000000082700000, 0x0000000082800000, 0x0000000082800000|100%| O|  |TAMS 0x0000000082800000, 0x0000000082800000| Untracked 
|  40|0x0000000082800000, 0x0000000082900000, 0x0000000082900000|100%| O|  |TAMS 0x0000000082900000, 0x0000000082900000| Untracked 
|  41|0x0000000082900000, 0x0000000082a00000, 0x0000000082a00000|100%| O|  |TAMS 0x0000000082a00000, 0x0000000082a00000| Untracked 
|  42|0x0000000082a00000, 0x0000000082b00000, 0x0000000082b00000|100%|HS|  |TAMS 0x0000000082b00000, 0x0000000082b00000| Complete 
|  43|0x0000000082b00000, 0x0000000082c00000, 0x0000000082c00000|100%|HC|  |TAMS 0x0000000082c00000, 0x0000000082c00000| Complete 
|  44|0x0000000082c00000, 0x0000000082d00000, 0x0000000082d00000|100%|HC|  |TAMS 0x0000000082d00000, 0x0000000082d00000| Complete 
|  45|0x0000000082d00000, 0x0000000082e00000, 0x0000000082e00000|100%|HC|  |TAMS 0x0000000082e00000, 0x0000000082e00000| Complete 
|  46|0x0000000082e00000, 0x0000000082f00000, 0x0000000082f00000|100%| O|  |TAMS 0x0000000082f00000, 0x0000000082f00000| Untracked 
|  47|0x0000000082f00000, 0x0000000083000000, 0x0000000083000000|100%| O|  |TAMS 0x0000000083000000, 0x0000000083000000| Untracked 
|  48|0x0000000083000000, 0x0000000083100000, 0x0000000083100000|100%| O|  |TAMS 0x0000000083100000, 0x0000000083100000| Untracked 
|  49|0x0000000083100000, 0x0000000083200000, 0x0000000083200000|100%| O|  |TAMS 0x0000000083200000, 0x0000000083200000| Untracked 
|  50|0x0000000083200000, 0x0000000083300000, 0x0000000083300000|100%|HS|  |TAMS 0x0000000083300000, 0x0000000083300000| Complete 
|  51|0x0000000083300000, 0x0000000083400000, 0x0000000083400000|100%|HS|  |TAMS 0x0000000083400000, 0x0000000083400000| Complete 
|  52|0x0000000083400000, 0x0000000083500000, 0x0000000083500000|100%|HS|  |TAMS 0x0000000083500000, 0x0000000083500000| Complete 
|  53|0x0000000083500000, 0x0000000083600000, 0x0000000083600000|100%|HS|  |TAMS 0x0000000083600000, 0x0000000083600000| Complete 
|  54|0x0000000083600000, 0x0000000083700000, 0x0000000083700000|100%|HC|  |TAMS 0x0000000083700000, 0x0000000083700000| Complete 
|  55|0x0000000083700000, 0x0000000083800000, 0x0000000083800000|100%| O|  |TAMS 0x0000000083800000, 0x0000000083800000| Untracked 
|  56|0x0000000083800000, 0x0000000083900000, 0x0000000083900000|100%| O|  |TAMS 0x0000000083900000, 0x0000000083900000| Untracked 
|  57|0x0000000083900000, 0x0000000083a00000, 0x0000000083a00000|100%| O|  |TAMS 0x0000000083a00000, 0x0000000083a00000| Untracked 
|  58|0x0000000083a00000, 0x0000000083b00000, 0x0000000083b00000|100%| O|  |TAMS 0x0000000083b00000, 0x0000000083b00000| Untracked 
|  59|0x0000000083b00000, 0x0000000083c00000, 0x0000000083c00000|100%| O|  |TAMS 0x0000000083c00000, 0x0000000083c00000| Untracked 
|  60|0x0000000083c00000, 0x0000000083d00000, 0x0000000083d00000|100%| O|  |TAMS 0x0000000083d00000, 0x0000000083d00000| Untracked 
|  61|0x0000000083d00000, 0x0000000083e00000, 0x0000000083e00000|100%| O|  |TAMS 0x0000000083e00000, 0x0000000083e00000| Untracked 
|  62|0x0000000083e00000, 0x0000000083f00000, 0x0000000083f00000|100%| O|  |TAMS 0x0000000083f00000, 0x0000000083f00000| Untracked 
|  63|0x0000000083f00000, 0x0000000084000000, 0x0000000084000000|100%| O|  |TAMS 0x0000000084000000, 0x0000000084000000| Untracked 
|  64|0x0000000084000000, 0x0000000084100000, 0x0000000084100000|100%| O|  |TAMS 0x0000000084100000, 0x0000000084100000| Untracked 
|  65|0x0000000084100000, 0x0000000084200000, 0x0000000084200000|100%| O|  |TAMS 0x0000000084200000, 0x0000000084200000| Untracked 
|  66|0x0000000084200000, 0x0000000084300000, 0x0000000084300000|100%| O|  |TAMS 0x0000000084300000, 0x0000000084300000| Untracked 
|  67|0x0000000084300000, 0x0000000084400000, 0x0000000084400000|100%| O|  |TAMS 0x0000000084400000, 0x0000000084400000| Untracked 
|  68|0x0000000084400000, 0x0000000084500000, 0x0000000084500000|100%| O|  |TAMS 0x0000000084500000, 0x0000000084500000| Untracked 
|  69|0x0000000084500000, 0x0000000084600000, 0x0000000084600000|100%| O|  |TAMS 0x0000000084600000, 0x0000000084600000| Untracked 
|  70|0x0000000084600000, 0x0000000084700000, 0x0000000084700000|100%| O|  |TAMS 0x0000000084700000, 0x0000000084700000| Untracked 
|  71|0x0000000084700000, 0x0000000084800000, 0x0000000084800000|100%| O|  |TAMS 0x0000000084800000, 0x0000000084800000| Untracked 
|  72|0x0000000084800000, 0x0000000084900000, 0x0000000084900000|100%| O|  |TAMS 0x0000000084900000, 0x0000000084900000| Untracked 
|  73|0x0000000084900000, 0x0000000084a00000, 0x0000000084a00000|100%| O|  |TAMS 0x0000000084a00000, 0x0000000084a00000| Untracked 
|  74|0x0000000084a00000, 0x0000000084b00000, 0x0000000084b00000|100%| O|  |TAMS 0x0000000084b00000, 0x0000000084b00000| Untracked 
|  75|0x0000000084b00000, 0x0000000084c00000, 0x0000000084c00000|100%| O|  |TAMS 0x0000000084c00000, 0x0000000084c00000| Untracked 
|  76|0x0000000084c00000, 0x0000000084d00000, 0x0000000084d00000|100%| O|  |TAMS 0x0000000084c2fe00, 0x0000000084d00000| Untracked 
|  77|0x0000000084d00000, 0x0000000084e00000, 0x0000000084e00000|100%| O|  |TAMS 0x0000000084d00000, 0x0000000084e00000| Untracked 
|  78|0x0000000084e00000, 0x0000000084e0dc00, 0x0000000084f00000|  5%| O|  |TAMS 0x0000000084e00000, 0x0000000084e0dc00| Untracked 
|  79|0x0000000084f00000, 0x0000000085000000, 0x0000000085000000|100%|HS|  |TAMS 0x0000000084f00000, 0x0000000084f00000| Complete 
|  80|0x0000000085000000, 0x0000000085100000, 0x0000000085100000|100%|HC|  |TAMS 0x0000000085000000, 0x0000000085000000| Complete 
|  81|0x0000000085100000, 0x0000000085200000, 0x0000000085200000|100%|HS|  |TAMS 0x0000000085100000, 0x0000000085100000| Complete 
|  82|0x0000000085200000, 0x0000000085300000, 0x0000000085300000|100%|HC|  |TAMS 0x0000000085200000, 0x0000000085200000| Complete 
|  83|0x0000000085300000, 0x0000000085400000, 0x0000000085400000|100%|HC|  |TAMS 0x0000000085300000, 0x0000000085300000| Complete 
|  84|0x0000000085400000, 0x0000000085400000, 0x0000000085500000|  0%| F|  |TAMS 0x0000000085400000, 0x0000000085400000| Untracked 
|  85|0x0000000085500000, 0x0000000085500000, 0x0000000085600000|  0%| F|  |TAMS 0x0000000085500000, 0x0000000085500000| Untracked 
|  86|0x0000000085600000, 0x0000000085600000, 0x0000000085700000|  0%| F|  |TAMS 0x0000000085600000, 0x0000000085600000| Untracked 
|  87|0x0000000085700000, 0x0000000085700000, 0x0000000085800000|  0%| F|  |TAMS 0x0000000085700000, 0x0000000085700000| Untracked 
|  88|0x0000000085800000, 0x0000000085800000, 0x0000000085900000|  0%| F|  |TAMS 0x0000000085800000, 0x0000000085800000| Untracked 
|  89|0x0000000085900000, 0x0000000085900000, 0x0000000085a00000|  0%| F|  |TAMS 0x0000000085900000, 0x0000000085900000| Untracked 
|  90|0x0000000085a00000, 0x0000000085a00000, 0x0000000085b00000|  0%| F|  |TAMS 0x0000000085a00000, 0x0000000085a00000| Untracked 
|  91|0x0000000085b00000, 0x0000000085b00000, 0x0000000085c00000|  0%| F|  |TAMS 0x0000000085b00000, 0x0000000085b00000| Untracked 
|  92|0x0000000085c00000, 0x0000000085c00000, 0x0000000085d00000|  0%| F|  |TAMS 0x0000000085c00000, 0x0000000085c00000| Untracked 
|  93|0x0000000085d00000, 0x0000000085d00000, 0x0000000085e00000|  0%| F|  |TAMS 0x0000000085d00000, 0x0000000085d00000| Untracked 
|  94|0x0000000085e00000, 0x0000000085e00000, 0x0000000085f00000|  0%| F|  |TAMS 0x0000000085e00000, 0x0000000085e00000| Untracked 
|  95|0x0000000085f00000, 0x0000000086000000, 0x0000000086000000|100%| S|CS|TAMS 0x0000000085f00000, 0x0000000085f00000| Complete 
|  96|0x0000000086000000, 0x0000000086100000, 0x0000000086100000|100%| S|CS|TAMS 0x0000000086000000, 0x0000000086000000| Complete 
|  97|0x0000000086100000, 0x0000000086200000, 0x0000000086200000|100%| S|CS|TAMS 0x0000000086100000, 0x0000000086100000| Complete 
|  98|0x0000000086200000, 0x0000000086200000, 0x0000000086300000|  0%| F|  |TAMS 0x0000000086200000, 0x0000000086200000| Untracked 
|  99|0x0000000086300000, 0x0000000086300000, 0x0000000086400000|  0%| F|  |TAMS 0x0000000086300000, 0x0000000086300000| Untracked 
| 100|0x0000000086400000, 0x0000000086500000, 0x0000000086500000|100%| S|CS|TAMS 0x0000000086400000, 0x0000000086400000| Complete 
| 101|0x0000000086500000, 0x0000000086500000, 0x0000000086600000|  0%| F|  |TAMS 0x0000000086500000, 0x0000000086500000| Untracked 
| 102|0x0000000086600000, 0x0000000086600000, 0x0000000086700000|  0%| F|  |TAMS 0x0000000086600000, 0x0000000086600000| Untracked 
| 103|0x0000000086700000, 0x0000000086700000, 0x0000000086800000|  0%| F|  |TAMS 0x0000000086700000, 0x0000000086700000| Untracked 
| 104|0x0000000086800000, 0x0000000086800000, 0x0000000086900000|  0%| F|  |TAMS 0x0000000086800000, 0x0000000086800000| Untracked 
| 105|0x0000000086900000, 0x0000000086900000, 0x0000000086a00000|  0%| F|  |TAMS 0x0000000086900000, 0x0000000086900000| Untracked 
| 106|0x0000000086a00000, 0x0000000086a00000, 0x0000000086b00000|  0%| F|  |TAMS 0x0000000086a00000, 0x0000000086a00000| Untracked 
| 107|0x0000000086b00000, 0x0000000086b00000, 0x0000000086c00000|  0%| F|  |TAMS 0x0000000086b00000, 0x0000000086b00000| Untracked 
| 108|0x0000000086c00000, 0x0000000086c00000, 0x0000000086d00000|  0%| F|  |TAMS 0x0000000086c00000, 0x0000000086c00000| Untracked 
| 109|0x0000000086d00000, 0x0000000086d00000, 0x0000000086e00000|  0%| F|  |TAMS 0x0000000086d00000, 0x0000000086d00000| Untracked 
| 110|0x0000000086e00000, 0x0000000086e00000, 0x0000000086f00000|  0%| F|  |TAMS 0x0000000086e00000, 0x0000000086e00000| Untracked 
| 111|0x0000000086f00000, 0x0000000086f00000, 0x0000000087000000|  0%| F|  |TAMS 0x0000000086f00000, 0x0000000086f00000| Untracked 
| 112|0x0000000087000000, 0x0000000087000000, 0x0000000087100000|  0%| F|  |TAMS 0x0000000087000000, 0x0000000087000000| Untracked 
| 113|0x0000000087100000, 0x0000000087100000, 0x0000000087200000|  0%| F|  |TAMS 0x0000000087100000, 0x0000000087100000| Untracked 
| 114|0x0000000087200000, 0x0000000087200000, 0x0000000087300000|  0%| F|  |TAMS 0x0000000087200000, 0x0000000087200000| Untracked 
| 115|0x0000000087300000, 0x0000000087300000, 0x0000000087400000|  0%| F|  |TAMS 0x0000000087300000, 0x0000000087300000| Untracked 
| 116|0x0000000087400000, 0x0000000087400000, 0x0000000087500000|  0%| F|  |TAMS 0x0000000087400000, 0x0000000087400000| Untracked 
| 117|0x0000000087500000, 0x0000000087500000, 0x0000000087600000|  0%| F|  |TAMS 0x0000000087500000, 0x0000000087500000| Untracked 
| 118|0x0000000087600000, 0x0000000087600000, 0x0000000087700000|  0%| F|  |TAMS 0x0000000087600000, 0x0000000087600000| Untracked 
| 119|0x0000000087700000, 0x0000000087700000, 0x0000000087800000|  0%| F|  |TAMS 0x0000000087700000, 0x0000000087700000| Untracked 
| 120|0x0000000087800000, 0x0000000087800000, 0x0000000087900000|  0%| F|  |TAMS 0x0000000087800000, 0x0000000087800000| Untracked 
| 121|0x0000000087900000, 0x0000000087900000, 0x0000000087a00000|  0%| F|  |TAMS 0x0000000087900000, 0x0000000087900000| Untracked 
| 122|0x0000000087a00000, 0x0000000087a00000, 0x0000000087b00000|  0%| F|  |TAMS 0x0000000087a00000, 0x0000000087a00000| Untracked 
| 123|0x0000000087b00000, 0x0000000087b00000, 0x0000000087c00000|  0%| F|  |TAMS 0x0000000087b00000, 0x0000000087b00000| Untracked 
| 124|0x0000000087c00000, 0x0000000087c00000, 0x0000000087d00000|  0%| F|  |TAMS 0x0000000087c00000, 0x0000000087c00000| Untracked 
| 125|0x0000000087d00000, 0x0000000087d80a60, 0x0000000087e00000| 50%| E|  |TAMS 0x0000000087d00000, 0x0000000087d00000| Complete 

Card table byte_map: [0x000002257e500000,0x000002257e900000] _byte_map_base: 0x000002257e100000

Marking Bits (Prev, Next): (CMBitMap*) 0x000002256b2fb578, (CMBitMap*) 0x000002256b2fb5b0
 Prev Bits: [0x0000022500000000, 0x0000022502000000)
 Next Bits: [0x0000022502000000, 0x0000022504000000)

Polling page: 0x0000022569280000

Metaspace:

Usage:
  Non-class:     63.70 MB capacity,    62.52 MB ( 98%) used,     1.00 MB (  2%) free+waste,   183.94 KB ( <1%) overhead. 
      Class:     10.02 MB capacity,     9.36 MB ( 93%) used,   590.90 KB (  6%) free+waste,    86.88 KB ( <1%) overhead. 
       Both:     73.72 MB capacity,    71.88 MB ( 97%) used,     1.58 MB (  2%) free+waste,   270.81 KB ( <1%) overhead. 

Virtual space:
  Non-class space:       64.00 MB reserved,      63.92 MB (>99%) committed 
      Class space:        1.00 GB reserved,      10.11 MB ( <1%) committed 
             Both:        1.06 GB reserved,      74.03 MB (  7%) committed 

Chunk freelists:
   Non-Class:  35.00 KB
       Class:  7.00 KB
        Both:  42.00 KB

MaxMetaspaceSize: 17179869184.00 GB
CompressedClassSpaceSize: 1.00 GB

CodeHeap 'non-profiled nmethods': size=120000Kb used=4133Kb max_used=4133Kb free=115866Kb
 bounds [0x0000022576880000, 0x0000022576c90000, 0x000002257ddb0000]
CodeHeap 'profiled nmethods': size=120000Kb used=15961Kb max_used=15961Kb free=104038Kb
 bounds [0x000002256f350000, 0x00000225702f0000, 0x0000022576880000]
CodeHeap 'non-nmethods': size=5760Kb used=2274Kb max_used=2311Kb free=3485Kb
 bounds [0x000002256edb0000, 0x000002256f020000, 0x000002256f350000]
 total_blobs=8282 nmethods=7413 adapters=780
 compilation: enabled
              stopped_count=0, restarted_count=0
 full_count=0

Compilation events (20 events):
Event: 28.296 Thread 0x000002250605b000 7540       3       java.util.concurrent.locks.ReentrantReadWriteLock$Sync::sharedCount (5 bytes)
Event: 28.297 Thread 0x000002250605b000 nmethod 7540 0x00000225702e2c90 code [0x00000225702e2e40, 0x00000225702e2f18]
Event: 28.297 Thread 0x000002250605b000 7541       3       java.util.concurrent.locks.ReentrantReadWriteLock$ReadLock::unlock (10 bytes)
Event: 28.297 Thread 0x000002250605b000 nmethod 7541 0x00000225702e2f90 code [0x00000225702e3160, 0x00000225702e3418]
Event: 28.297 Thread 0x000002250605b000 7542       3       java.util.concurrent.locks.ReentrantReadWriteLock$Sync::tryReleaseShared (146 bytes)
Event: 28.299 Thread 0x000002250605b000 nmethod 7542 0x00000225702e3510 code [0x00000225702e37e0, 0x00000225702e4748]
Event: 28.299 Thread 0x000002250605b000 7543       3       java.util.concurrent.locks.ReentrantReadWriteLock$NonfairSync::readerShouldBlock (5 bytes)
Event: 28.299 Thread 0x000002250605b000 nmethod 7543 0x00000225702e4d90 code [0x00000225702e4f40, 0x00000225702e5068]
Event: 28.299 Thread 0x000002250605b000 7544       3       java.util.concurrent.locks.AbstractQueuedSynchronizer::apparentlyFirstQueuedIsExclusive (38 bytes)
Event: 28.300 Thread 0x000002250605b000 nmethod 7544 0x00000225702e5110 code [0x00000225702e52e0, 0x00000225702e55b8]
Event: 28.300 Thread 0x000002250605b000 7545       1       org.gradle.tooling.internal.adapter.MethodInvocation::found (5 bytes)
Event: 28.300 Thread 0x000002250605b000 nmethod 7545 0x0000022576c85810 code [0x0000022576c859c0, 0x0000022576c85a78]
Event: 28.300 Thread 0x000002250605b000 7546       1       java.util.concurrent.locks.ReentrantReadWriteLock::writeLock (5 bytes)
Event: 28.300 Thread 0x000002250605b000 nmethod 7546 0x0000022576c85b10 code [0x0000022576c85cc0, 0x0000022576c85d78]
Event: 28.303 Thread 0x0000022506059000 nmethod 7521 0x0000022576c85e10 code [0x0000022576c86140, 0x0000022576c886d8]
Event: 28.303 Thread 0x0000022506059000 7527       4       groovy.lang.MetaClassImpl::addMetaMethodToIndex (65 bytes)
Event: 28.366 Thread 0x000002250605b000 7548       3       java.lang.Integer::stringSize (47 bytes)
Event: 28.367 Thread 0x000002250605b000 nmethod 7548 0x00000225702e5690 code [0x00000225702e5840, 0x00000225702e5a78]
Event: 28.398 Thread 0x000002250605b000 7549       3       jdk.internal.loader.AbstractClassLoaderValue$Sub::equals (55 bytes)
Event: 28.398 Thread 0x000002250605b000 nmethod 7549 0x00000225702e5b10 code [0x00000225702e5d20, 0x00000225702e6418]

GC Heap History (20 events):
Event: 15.206 GC heap before
{Heap before GC invocations=9 (full 0):
 garbage-first heap   total 129024K, used 100285K [0x0000000080000000, 0x0000000100000000)
  region size 1024K, 64 young (65536K), 8 survivors (8192K)
 Metaspace       used 45313K, capacity 46510K, committed 46620K, reserved 1089536K
  class space    used 5703K, capacity 6145K, committed 6252K, reserved 1048576K
}
Event: 15.219 GC heap after
{Heap after GC invocations=10 (full 0):
 garbage-first heap   total 129024K, used 47153K [0x0000000080000000, 0x0000000100000000)
  region size 1024K, 6 young (6144K), 6 survivors (6144K)
 Metaspace       used 45313K, capacity 46510K, committed 46620K, reserved 1089536K
  class space    used 5703K, capacity 6145K, committed 6252K, reserved 1048576K
}
Event: 16.770 GC heap before
{Heap before GC invocations=10 (full 0):
 garbage-first heap   total 129024K, used 103473K [0x0000000080000000, 0x0000000100000000)
  region size 1024K, 57 young (58368K), 6 survivors (6144K)
 Metaspace       used 48142K, capacity 49422K, committed 49692K, reserved 1091584K
  class space    used 6175K, capacity 6647K, committed 6764K, reserved 1048576K
}
Event: 16.812 GC heap after
{Heap after GC invocations=11 (full 0):
 garbage-first heap   total 129024K, used 55384K [0x0000000080000000, 0x0000000100000000)
  region size 1024K, 5 young (5120K), 5 survivors (5120K)
 Metaspace       used 48142K, capacity 49422K, committed 49692K, reserved 1091584K
  class space    used 6175K, capacity 6647K, committed 6764K, reserved 1048576K
}
Event: 18.419 GC heap before
{Heap before GC invocations=11 (full 0):
 garbage-first heap   total 129024K, used 100440K [0x0000000080000000, 0x0000000100000000)
  region size 1024K, 50 young (51200K), 5 survivors (5120K)
 Metaspace       used 50381K, capacity 51839K, committed 51996K, reserved 1093632K
  class space    used 6446K, capacity 6955K, committed 7020K, reserved 1048576K
}
Event: 18.427 GC heap after
{Heap after GC invocations=12 (full 0):
 garbage-first heap   total 129024K, used 57937K [0x0000000080000000, 0x0000000100000000)
  region size 1024K, 7 young (7168K), 7 survivors (7168K)
 Metaspace       used 50381K, capacity 51839K, committed 51996K, reserved 1093632K
  class space    used 6446K, capacity 6955K, committed 7020K, reserved 1048576K
}
Event: 20.328 GC heap before
{Heap before GC invocations=12 (full 0):
 garbage-first heap   total 129024K, used 107089K [0x0000000080000000, 0x0000000100000000)
  region size 1024K, 51 young (52224K), 7 survivors (7168K)
 Metaspace       used 54149K, capacity 55661K, committed 55836K, reserved 1097728K
  class space    used 6908K, capacity 7475K, committed 7532K, reserved 1048576K
}
Event: 20.338 GC heap after
{Heap after GC invocations=13 (full 0):
 garbage-first heap   total 129024K, used 69072K [0x0000000080000000, 0x0000000100000000)
  region size 1024K, 7 young (7168K), 7 survivors (7168K)
 Metaspace       used 54149K, capacity 55661K, committed 55836K, reserved 1097728K
  class space    used 6908K, capacity 7475K, committed 7532K, reserved 1048576K
}
Event: 21.464 GC heap before
{Heap before GC invocations=13 (full 0):
 garbage-first heap   total 129024K, used 104912K [0x0000000080000000, 0x0000000100000000)
  region size 1024K, 42 young (43008K), 7 survivors (7168K)
 Metaspace       used 59075K, capacity 60687K, committed 60828K, reserved 1101824K
  class space    used 7540K, capacity 8105K, committed 8172K, reserved 1048576K
}
Event: 21.475 GC heap after
{Heap after GC invocations=14 (full 0):
 garbage-first heap   total 129024K, used 71158K [0x0000000080000000, 0x0000000100000000)
  region size 1024K, 2 young (2048K), 2 survivors (2048K)
 Metaspace       used 59075K, capacity 60687K, committed 60828K, reserved 1101824K
  class space    used 7540K, capacity 8105K, committed 8172K, reserved 1048576K
}
Event: 22.443 GC heap before
{Heap before GC invocations=15 (full 0):
 garbage-first heap   total 129024K, used 104950K [0x0000000080000000, 0x0000000100000000)
  region size 1024K, 36 young (36864K), 2 survivors (2048K)
 Metaspace       used 63402K, capacity 65076K, committed 65180K, reserved 1105920K
  class space    used 8069K, capacity 8672K, committed 8684K, reserved 1048576K
}
Event: 22.449 GC heap after
{Heap after GC invocations=16 (full 0):
 garbage-first heap   total 129024K, used 74468K [0x0000000080000000, 0x0000000100000000)
  region size 1024K, 5 young (5120K), 5 survivors (5120K)
 Metaspace       used 63402K, capacity 65076K, committed 65180K, reserved 1105920K
  class space    used 8069K, capacity 8672K, committed 8684K, reserved 1048576K
}
Event: 23.341 GC heap before
{Heap before GC invocations=16 (full 0):
 garbage-first heap   total 129024K, used 99044K [0x0000000080000000, 0x0000000100000000)
  region size 1024K, 30 young (30720K), 5 survivors (5120K)
 Metaspace       used 65616K, capacity 67351K, committed 67612K, reserved 1107968K
  class space    used 8353K, capacity 8978K, committed 9068K, reserved 1048576K
}
Event: 23.350 GC heap after
{Heap after GC invocations=17 (full 0):
 garbage-first heap   total 129024K, used 76467K [0x0000000080000000, 0x0000000100000000)
  region size 1024K, 3 young (3072K), 3 survivors (3072K)
 Metaspace       used 65616K, capacity 67351K, committed 67612K, reserved 1107968K
  class space    used 8353K, capacity 8978K, committed 9068K, reserved 1048576K
}
Event: 24.922 GC heap before
{Heap before GC invocations=18 (full 0):
 garbage-first heap   total 129024K, used 106163K [0x0000000080000000, 0x0000000100000000)
  region size 1024K, 31 young (31744K), 3 survivors (3072K)
 Metaspace       used 66486K, capacity 68278K, committed 68508K, reserved 1107968K
  class space    used 8480K, capacity 9111K, committed 9196K, reserved 1048576K
}
Event: 24.931 GC heap after
{Heap after GC invocations=19 (full 0):
 garbage-first heap   total 129024K, used 78121K [0x0000000080000000, 0x0000000100000000)
  region size 1024K, 4 young (4096K), 4 survivors (4096K)
 Metaspace       used 66486K, capacity 68278K, committed 68508K, reserved 1107968K
  class space    used 8480K, capacity 9111K, committed 9196K, reserved 1048576K
}
Event: 25.933 GC heap before
{Heap before GC invocations=19 (full 0):
 garbage-first heap   total 129024K, used 106793K [0x0000000080000000, 0x0000000100000000)
  region size 1024K, 32 young (32768K), 4 survivors (4096K)
 Metaspace       used 68446K, capacity 70208K, committed 70300K, reserved 1110016K
  class space    used 8751K, capacity 9369K, committed 9452K, reserved 1048576K
}
Event: 25.981 GC heap after
{Heap after GC invocations=20 (full 0):
 garbage-first heap   total 129024K, used 80144K [0x0000000080000000, 0x0000000100000000)
  region size 1024K, 3 young (3072K), 3 survivors (3072K)
 Metaspace       used 68446K, capacity 70208K, committed 70300K, reserved 1110016K
  class space    used 8751K, capacity 9369K, committed 9452K, reserved 1048576K
}
Event: 27.119 GC heap before
{Heap before GC invocations=21 (full 0):
 garbage-first heap   total 129024K, used 106768K [0x0000000080000000, 0x0000000100000000)
  region size 1024K, 29 young (29696K), 3 survivors (3072K)
 Metaspace       used 71764K, capacity 73507K, committed 73756K, reserved 1114112K
  class space    used 9322K, capacity 9977K, committed 10092K, reserved 1048576K
}
Event: 27.126 GC heap after
{Heap after GC invocations=22 (full 0):
 garbage-first heap   total 129024K, used 81584K [0x0000000080000000, 0x0000000100000000)
  region size 1024K, 4 young (4096K), 4 survivors (4096K)
 Metaspace       used 71764K, capacity 73507K, committed 73756K, reserved 1114112K
  class space    used 9322K, capacity 9977K, committed 10092K, reserved 1048576K
}

Deoptimization events (20 events):
Event: 27.145 Thread 0x0000022507734800 Uncommon trap: trap_request=0xffffffbe fr.pc=0x0000022576c4a468 relative=0x0000000000000a68
Event: 27.145 Thread 0x0000022507734800 Uncommon trap: reason=profile_predicate action=maybe_recompile pc=0x0000022576c4a468 method=jdk.internal.jimage.ImageStringsReader.charsFromByteBuffer([CLjava/nio/ByteBuffer;)V @ 6 c2
Event: 27.145 Thread 0x0000022507734800 DEOPT PACKING pc=0x0000022576c4a468 sp=0x0000008685af6900
Event: 27.145 Thread 0x0000022507734800 DEOPT UNPACKING pc=0x000002256edd662f sp=0x0000008685af67d8 mode 2
Event: 27.145 Thread 0x0000022507734800 Uncommon trap: trap_request=0xffffffbe fr.pc=0x0000022576c4a468 relative=0x0000000000000a68
Event: 27.145 Thread 0x0000022507734800 Uncommon trap: reason=profile_predicate action=maybe_recompile pc=0x0000022576c4a468 method=jdk.internal.jimage.ImageStringsReader.charsFromByteBuffer([CLjava/nio/ByteBuffer;)V @ 6 c2
Event: 27.146 Thread 0x0000022507734800 DEOPT PACKING pc=0x0000022576c4a468 sp=0x0000008685af6900
Event: 27.146 Thread 0x0000022507734800 DEOPT UNPACKING pc=0x000002256edd662f sp=0x0000008685af67d8 mode 2
Event: 28.267 Thread 0x0000022507734800 Uncommon trap: trap_request=0xffffff4d fr.pc=0x0000022576c27758 relative=0x00000000000027b8
Event: 28.267 Thread 0x0000022507734800 Uncommon trap: reason=unstable_if action=reinterpret pc=0x0000022576c27758 method=java.util.TreeMap.put(Ljava/lang/Object;Ljava/lang/Object;)Ljava/lang/Object; @ 163 c2
Event: 28.267 Thread 0x0000022507734800 DEOPT PACKING pc=0x0000022576c27758 sp=0x0000008685af9230
Event: 28.267 Thread 0x0000022507734800 DEOPT UNPACKING pc=0x000002256edd662f sp=0x0000008685af9208 mode 2
Event: 28.300 Thread 0x0000022507734800 Uncommon trap: trap_request=0xffffff4d fr.pc=0x000002257696b8e8 relative=0x00000000000006a8
Event: 28.300 Thread 0x0000022507734800 Uncommon trap: reason=unstable_if action=reinterpret pc=0x000002257696b8e8 method=java.lang.Integer.stringSize(I)I @ 3 c2
Event: 28.300 Thread 0x0000022507734800 DEOPT PACKING pc=0x000002257696b8e8 sp=0x0000008685af9f60
Event: 28.300 Thread 0x0000022507734800 DEOPT UNPACKING pc=0x000002256edd662f sp=0x0000008685af9eb0 mode 2
Event: 28.307 Thread 0x0000022507734800 Uncommon trap: trap_request=0xffffff4d fr.pc=0x000002257696c340 relative=0x00000000000000a0
Event: 28.307 Thread 0x0000022507734800 Uncommon trap: reason=unstable_if action=reinterpret pc=0x000002257696c340 method=java.lang.Integer.stringSize(I)I @ 3 c2
Event: 28.307 Thread 0x0000022507734800 DEOPT PACKING pc=0x000002257696c340 sp=0x0000008685af9e70
Event: 28.307 Thread 0x0000022507734800 DEOPT UNPACKING pc=0x000002256edd662f sp=0x0000008685af9df8 mode 2

Classes redefined (0 events):
No events

Internal exceptions (20 events):
Event: 27.130 Thread 0x0000022507734800 Exception <a 'java/lang/ClassNotFoundException'{0x0000000087d3fff8}: com/android/build/gradle/internal/api/ApkVariantOutputImpl_DecoratedBeanInfo> (0x0000000087d3fff8) thrown at [./src/hotspot/share/classfile/systemDictionary.cpp, line 231]
Event: 27.131 Thread 0x0000022507734800 Exception <a 'java/lang/ClassNotFoundException'{0x0000000087d5a828}: com/android/build/gradle/internal/api/ApkVariantOutputImplBeanInfo> (0x0000000087d5a828) thrown at [./src/hotspot/share/classfile/systemDictionary.cpp, line 231]
Event: 27.131 Thread 0x0000022507734800 Exception <a 'java/lang/ClassNotFoundException'{0x0000000087d75898}: com/android/build/gradle/internal/api/BaseVariantOutputImplBeanInfo> (0x0000000087d75898) thrown at [./src/hotspot/share/classfile/systemDictionary.cpp, line 231]
Event: 27.132 Thread 0x0000022507734800 Exception <a 'java/lang/ClassNotFoundException'{0x0000000087d90bb0}: com/android/build/gradle/internal/api/BaseVariantOutputImplCustomizer> (0x0000000087d90bb0) thrown at [./src/hotspot/share/classfile/systemDictionary.cpp, line 231]
Event: 27.134 Thread 0x0000022507734800 Exception <a 'java/lang/ClassNotFoundException'{0x0000000087dbe320}: com/android/build/gradle/internal/api/ApkVariantOutputImplCustomizer> (0x0000000087dbe320) thrown at [./src/hotspot/share/classfile/systemDictionary.cpp, line 231]
Event: 27.135 Thread 0x0000022507734800 Exception <a 'java/lang/ClassNotFoundException'{0x0000000087de7fb8}: com/android/build/gradle/internal/api/ApkVariantOutputImpl_DecoratedCustomizer> (0x0000000087de7fb8) thrown at [./src/hotspot/share/classfile/systemDictionary.cpp, line 231]
Event: 27.155 Thread 0x0000022507734800 Exception <a 'java/lang/NoClassDefFoundError'{0x0000000087b54df0}: org/jetbrains/kotlin/gradle/plugin/KotlinBasePluginWrapper> (0x0000000087b54df0) thrown at [./src/hotspot/share/classfile/systemDictionary.cpp, line 220]
Event: 27.341 Thread 0x0000022507734800 Exception <a 'java/lang/ClassNotFoundException'{0x000000008794fb78}: build_a7sgdk91xlgpf22w7amzxnsizBeanInfo> (0x000000008794fb78) thrown at [./src/hotspot/share/classfile/systemDictionary.cpp, line 231]
Event: 27.341 Thread 0x0000022507734800 Exception <a 'java/lang/ClassNotFoundException'{0x000000008795ab30}: build_a7sgdk91xlgpf22w7amzxnsizCustomizer> (0x000000008795ab30) thrown at [./src/hotspot/share/classfile/systemDictionary.cpp, line 231]
Event: 27.845 Thread 0x0000022507734800 Exception <a 'java/lang/ClassNotFoundException'{0x0000000087704fb0}: build_a7sgdk91xlgpf22w7amzxnsizBeanInfo> (0x0000000087704fb0) thrown at [./src/hotspot/share/classfile/systemDictionary.cpp, line 231]
Event: 27.845 Thread 0x0000022507734800 Exception <a 'java/lang/ClassNotFoundException'{0x000000008770ff08}: build_a7sgdk91xlgpf22w7amzxnsizCustomizer> (0x000000008770ff08) thrown at [./src/hotspot/share/classfile/systemDictionary.cpp, line 231]
Event: 27.858 Thread 0x0000022507734800 Exception <a 'java/lang/ClassNotFoundException'{0x0000000087796bc8}: build_a7sgdk91xlgpf22w7amzxnsiz$_run_closure1$_closure4BeanInfo> (0x0000000087796bc8) thrown at [./src/hotspot/share/classfile/systemDictionary.cpp, line 231]
Event: 27.858 Thread 0x0000022507734800 Exception <a 'java/lang/ClassNotFoundException'{0x00000000877a7ff0}: build_a7sgdk91xlgpf22w7amzxnsiz$_run_closure1$_closure4Customizer> (0x00000000877a7ff0) thrown at [./src/hotspot/share/classfile/systemDictionary.cpp, line 231]
Event: 27.861 Thread 0x0000022507734800 Exception <a 'java/lang/ClassNotFoundException'{0x00000000877d2538}: build_a7sgdk91xlgpf22w7amzxnsiz$_run_closure1BeanInfo> (0x00000000877d2538) thrown at [./src/hotspot/share/classfile/systemDictionary.cpp, line 231]
Event: 27.862 Thread 0x0000022507734800 Exception <a 'java/lang/ClassNotFoundException'{0x00000000877e2ef8}: build_a7sgdk91xlgpf22w7amzxnsiz$_run_closure1Customizer> (0x00000000877e2ef8) thrown at [./src/hotspot/share/classfile/systemDictionary.cpp, line 231]
Event: 27.948 Thread 0x0000022507734800 Exception <a 'java/lang/NoClassDefFoundError'{0x0000000087440af8}: org/jetbrains/kotlin/gradle/plugin/KotlinBasePluginWrapper> (0x0000000087440af8) thrown at [./src/hotspot/share/oops/constantPool.cpp, line 775]
Event: 28.177 Thread 0x0000022507734800 Exception <a 'java/lang/ClassNotFoundException'{0x0000000086d5e570}: org/jetbrains/plugins/gradle/model/web/WebConfigurationBeanInfo> (0x0000000086d5e570) thrown at [./src/hotspot/share/classfile/systemDictionary.cpp, line 231]
Event: 28.178 Thread 0x0000022507734800 Exception <a 'java/lang/ClassNotFoundException'{0x0000000086d6fe80}: org/jetbrains/plugins/gradle/model/web/WebConfigurationCustomizer> (0x0000000086d6fe80) thrown at [./src/hotspot/share/classfile/systemDictionary.cpp, line 231]
Event: 28.183 Thread 0x0000022507734800 Exception <a 'java/lang/ClassNotFoundException'{0x0000000086da9200}: org/jetbrains/plugins/gradle/model/scala/ScalaModelBeanInfo> (0x0000000086da9200) thrown at [./src/hotspot/share/classfile/systemDictionary.cpp, line 231]
Event: 28.184 Thread 0x0000022507734800 Exception <a 'java/lang/ClassNotFoundException'{0x0000000086dba968}: org/jetbrains/plugins/gradle/model/scala/ScalaModelCustomizer> (0x0000000086dba968) thrown at [./src/hotspot/share/classfile/systemDictionary.cpp, line 231]

Events (20 events):
Event: 28.409 loading class com/intellij/openapi/util/Getter
Event: 28.409 loading class com/intellij/openapi/util/Getter done
Event: 28.410 loading class org/jetbrains/plugins/gradle/tooling/serialization/internal/IdeaProjectSerializationService$WriteContext
Event: 28.410 loading class org/jetbrains/plugins/gradle/tooling/serialization/internal/IdeaProjectSerializationService$WriteContext done
Event: 28.411 loading class gnu/trove/TObjectHashingStrategy
Event: 28.411 loading class gnu/trove/TObjectHashingStrategy done
Event: 28.413 loading class gnu/trove/Equality
Event: 28.413 loading class gnu/trove/Equality done
Event: 28.413 loading class org/jetbrains/plugins/gradle/tooling/util/ObjectCollector
Event: 28.413 loading class org/jetbrains/plugins/gradle/tooling/util/ObjectCollector done
Event: 28.414 loading class org/jetbrains/plugins/gradle/tooling/serialization/internal/IdeaProjectSerializationService$WriteContext$1
Event: 28.414 loading class org/jetbrains/plugins/gradle/tooling/serialization/internal/IdeaProjectSerializationService$WriteContext$1 done
Event: 28.415 loading class gnu/trove/TObjectIntHashMap
Event: 28.415 loading class gnu/trove/TObjectIntHashMap done
Event: 28.415 loading class gnu/trove/TObjectHash
Event: 28.415 loading class gnu/trove/TObjectHash done
Event: 28.417 loading class gnu/trove/THash
Event: 28.417 loading class gnu/trove/THash done
Event: 28.418 loading class gnu/trove/TObjectIntProcedure
Event: 28.418 loading class gnu/trove/TObjectIntProcedure done


Dynamic libraries:
0x00007ff699c30000 - 0x00007ff699c3a000 	D:\AndroidStudio\jre\bin\java.exe
0x00007ffb25410000 - 0x00007ffb25622000 	C:\WINDOWS\SYSTEM32\ntdll.dll
0x00007ffb251c0000 - 0x00007ffb25282000 	C:\WINDOWS\System32\KERNEL32.DLL
0x00007ffb22a30000 - 0x00007ffb22dcb000 	C:\WINDOWS\System32\KERNELBASE.dll
0x00007ffb228e0000 - 0x00007ffb229f1000 	C:\WINDOWS\System32\ucrtbase.dll
0x00007ffb07c40000 - 0x00007ffb07c59000 	D:\AndroidStudio\jre\bin\jli.dll
0x00007ffb23a40000 - 0x00007ffb23beb000 	C:\WINDOWS\System32\USER32.dll
0x00007ffb22a00000 - 0x00007ffb22a26000 	C:\WINDOWS\System32\win32u.dll
0x00007ffb240f0000 - 0x00007ffb24119000 	C:\WINDOWS\System32\GDI32.dll
0x00007ffb23110000 - 0x00007ffb23228000 	C:\WINDOWS\System32\gdi32full.dll
0x00007ffb23070000 - 0x00007ffb2310a000 	C:\WINDOWS\System32\msvcp_win.dll
0x00007ffb08ff0000 - 0x00007ffb09007000 	D:\AndroidStudio\jre\bin\VCRUNTIME140.dll
0x00007ffb0b480000 - 0x00007ffb0b70e000 	C:\WINDOWS\WinSxS\amd64_microsoft.windows.common-controls_6595b64144ccf1df_6.0.22598.1_none_5f058c2d9dc925ef\COMCTL32.dll
0x00007ffb245f0000 - 0x00007ffb24695000 	C:\WINDOWS\System32\msvcrt.dll
0x00007ffb240b0000 - 0x00007ffb240e1000 	C:\WINDOWS\System32\IMM32.DLL
0x00007ffae15d0000 - 0x00007ffae166d000 	D:\AndroidStudio\jre\bin\msvcp140.dll
0x00007ffa8d440000 - 0x00007ffa8df15000 	D:\AndroidStudio\jre\bin\server\jvm.dll
0x00007ffb23ff0000 - 0x00007ffb2409e000 	C:\WINDOWS\System32\ADVAPI32.dll
0x00007ffb25320000 - 0x00007ffb253c4000 	C:\WINDOWS\System32\sechost.dll
0x00007ffb23290000 - 0x00007ffb233a5000 	C:\WINDOWS\System32\RPCRT4.dll
0x00007ffb25290000 - 0x00007ffb25298000 	C:\WINDOWS\System32\PSAPI.DLL
0x00007ffb020f0000 - 0x00007ffb020f9000 	C:\WINDOWS\SYSTEM32\WSOCK32.dll
0x00007ffb252a0000 - 0x00007ffb25311000 	C:\WINDOWS\System32\WS2_32.dll
0x00007ffb19e40000 - 0x00007ffb19e74000 	C:\WINDOWS\SYSTEM32\WINMM.dll
0x00007ffb19e30000 - 0x00007ffb19e3a000 	C:\WINDOWS\SYSTEM32\VERSION.dll
0x00007ffb218e0000 - 0x00007ffb218f8000 	C:\WINDOWS\SYSTEM32\kernel.appcore.dll
0x00007ffb00b80000 - 0x00007ffb00b91000 	D:\AndroidStudio\jre\bin\verify.dll
0x00007ffb0b820000 - 0x00007ffb0ba4e000 	C:\WINDOWS\SYSTEM32\DBGHELP.DLL
0x00007ffb23c60000 - 0x00007ffb23fe6000 	C:\WINDOWS\System32\combase.dll
0x00007ffb243c0000 - 0x00007ffb24497000 	C:\WINDOWS\System32\OLEAUT32.dll
0x00007ffb06650000 - 0x00007ffb06682000 	C:\WINDOWS\SYSTEM32\dbgcore.DLL
0x00007ffb22860000 - 0x00007ffb228db000 	C:\WINDOWS\System32\bcryptPrimitives.dll
0x00007ffb00b50000 - 0x00007ffb00b79000 	D:\AndroidStudio\jre\bin\java.dll
0x00007ffb1fbc0000 - 0x00007ffb1fbcb000 	D:\AndroidStudio\jre\bin\jimage.dll
0x00007ffb00b30000 - 0x00007ffb00b48000 	D:\AndroidStudio\jre\bin\zip.dll
0x00007ffb247a0000 - 0x00007ffb24f7c000 	C:\WINDOWS\System32\SHELL32.dll
0x00007ffb208b0000 - 0x00007ffb21166000 	C:\WINDOWS\SYSTEM32\windows.storage.dll
0x00007ffb20770000 - 0x00007ffb208ad000 	C:\WINDOWS\SYSTEM32\wintypes.dll
0x00007ffb246a0000 - 0x00007ffb24791000 	C:\WINDOWS\System32\SHCORE.dll
0x00007ffb23230000 - 0x00007ffb2328e000 	C:\WINDOWS\System32\shlwapi.dll
0x00007ffb22790000 - 0x00007ffb227b1000 	C:\WINDOWS\SYSTEM32\profapi.dll
0x00007ffb00b10000 - 0x00007ffb00b2a000 	D:\AndroidStudio\jre\bin\net.dll
0x00007ffb1c460000 - 0x00007ffb1c58f000 	C:\WINDOWS\SYSTEM32\WINHTTP.dll
0x00007ffb21d30000 - 0x00007ffb21d99000 	C:\WINDOWS\system32\mswsock.dll
0x00007ffb00af0000 - 0x00007ffb00b04000 	D:\AndroidStudio\jre\bin\nio.dll
0x00007ffb1cd30000 - 0x00007ffb1cd57000 	C:\Users\86157\.gradle\native\e1d6ef7f7dcc3fd88c89a11ec53ec762bb8ba0a96d01ffa2cd45eb1d1d8dd5c5\windows-amd64\native-platform.dll
0x00007ffad3cc0000 - 0x00007ffad3e04000 	C:\Users\86157\.gradle\native\5664cfc778a61ccfe75a443a1ab52a65af34e5dc3c78e0209fed803814484fcb\windows-amd64\native-platform-file-events.dll
0x00007ffb08fe0000 - 0x00007ffb08fea000 	D:\AndroidStudio\jre\bin\management.dll
0x00007ffb06a50000 - 0x00007ffb06a5d000 	D:\AndroidStudio\jre\bin\management_ext.dll
0x00007ffb21f80000 - 0x00007ffb21f9b000 	C:\WINDOWS\SYSTEM32\CRYPTSP.dll
0x00007ffb21850000 - 0x00007ffb21885000 	C:\WINDOWS\system32\rsaenh.dll
0x00007ffb21e30000 - 0x00007ffb21e58000 	C:\WINDOWS\SYSTEM32\USERENV.dll
0x00007ffb22140000 - 0x00007ffb22168000 	C:\WINDOWS\SYSTEM32\bcrypt.dll
0x00007ffb21fa0000 - 0x00007ffb21fac000 	C:\WINDOWS\SYSTEM32\CRYPTBASE.dll
0x00007ffb213c0000 - 0x00007ffb213ed000 	C:\WINDOWS\SYSTEM32\IPHLPAPI.DLL
0x00007ffb240a0000 - 0x00007ffb240a9000 	C:\WINDOWS\System32\NSI.dll
0x00007ffb1b880000 - 0x00007ffb1b899000 	C:\WINDOWS\SYSTEM32\dhcpcsvc6.DLL
0x00007ffb1b670000 - 0x00007ffb1b68f000 	C:\WINDOWS\SYSTEM32\dhcpcsvc.DLL
0x00007ffb21430000 - 0x00007ffb21522000 	C:\WINDOWS\SYSTEM32\DNSAPI.dll

dbghelp: loaded successfully - version: 4.0.5 - missing functions: none
symbol engine: initialized successfully - sym options: 0x614 - pdb path: .;D:\AndroidStudio\jre\bin;C:\WINDOWS\SYSTEM32;C:\WINDOWS\WinSxS\amd64_microsoft.windows.common-controls_6595b64144ccf1df_6.0.22598.1_none_5f058c2d9dc925ef;D:\AndroidStudio\jre\bin\server;C:\Users\86157\.gradle\native\e1d6ef7f7dcc3fd88c89a11ec53ec762bb8ba0a96d01ffa2cd45eb1d1d8dd5c5\windows-amd64;C:\Users\86157\.gradle\native\5664cfc778a61ccfe75a443a1ab52a65af34e5dc3c78e0209fed803814484fcb\windows-amd64

VM Arguments:
jvm_args: --add-opens=java.base/java.util=ALL-UNNAMED --add-opens=java.base/java.lang=ALL-UNNAMED --add-opens=java.base/java.lang.invoke=ALL-UNNAMED --add-opens=java.base/java.util=ALL-UNNAMED --add-opens=java.prefs/java.util.prefs=ALL-UNNAMED --add-opens=java.prefs/java.util.prefs=ALL-UNNAMED --add-opens=java.base/java.nio.charset=ALL-UNNAMED --add-opens=java.base/java.net=ALL-UNNAMED --add-opens=java.base/java.util.concurrent.atomic=ALL-UNNAMED -Xmx2048m -Dfile.encoding=UTF-8 -Duser.country=CN -Duser.language=zh -Duser.variant 
java_command: org.gradle.launcher.daemon.bootstrap.GradleDaemon 7.2
java_class_path (initial): C:\Users\86157\.gradle\wrapper\dists\gradle-7.2-bin\2dnblmf4td7x66yl1d74lt32g\gradle-7.2\lib\gradle-launcher-7.2.jar
Launcher Type: SUN_STANDARD

[Global flags]
     intx CICompilerCount                          = 4                                         {product} {ergonomic}
     uint ConcGCThreads                            = 2                                         {product} {ergonomic}
     uint G1ConcRefinementThreads                  = 8                                         {product} {ergonomic}
   size_t G1HeapRegionSize                         = 1048576                                   {product} {ergonomic}
    uintx GCDrainStackTargetSize                   = 64                                        {product} {ergonomic}
   size_t InitialHeapSize                          = 132120576                                 {product} {ergonomic}
   size_t MarkStackSize                            = 4194304                                   {product} {ergonomic}
   size_t MaxHeapSize                              = 2147483648                                {product} {command line}
   size_t MaxNewSize                               = 1287651328                                {product} {ergonomic}
   size_t MinHeapDeltaBytes                        = 1048576                                   {product} {ergonomic}
    uintx NonNMethodCodeHeapSize                   = 5836300                                {pd product} {ergonomic}
    uintx NonProfiledCodeHeapSize                  = 122910970                              {pd product} {ergonomic}
    uintx ProfiledCodeHeapSize                     = 122910970                              {pd product} {ergonomic}
    uintx ReservedCodeCacheSize                    = 251658240                              {pd product} {ergonomic}
     bool SegmentedCodeCache                       = true                                      {product} {ergonomic}
     bool UseCompressedClassPointers               = true                                 {lp64_product} {ergonomic}
     bool UseCompressedOops                        = true                                 {lp64_product} {ergonomic}
     bool UseG1GC                                  = true                                      {product} {ergonomic}
     bool UseLargePagesIndividualAllocation        = false                                  {pd product} {ergonomic}

Logging:
Log output configuration:
 #0: stdout all=warning uptime,level,tags
 #1: stderr all=off uptime,level,tags

Environment Variables:
JAVA_HOME=C:\Program Files\AdoptOpenJDK\jdk-17.0.3.7-hotspot
PATH=C:\Program Files\AdoptOpenJDK\jdk-17.0.3.7-hotspot;C:\Windows\System32;C:\Windows;C:\Windows\System32\wbem;C:\Windows\System32\WindowsPowerShell\v1.0\;C:\Windows\System32\OpenSSH\;D:\Matlab\runtime\win64;D:\Matlab\bin;D:\Altium Designer Winter 09\System;D:\Latex\texlive\2020\bin\win32;C:\Program Files (x86)\GnuPG\bin;C:\Strawberry\c\bin;C:\Strawberry\perl\site\bin;C:\Strawberry\perl\bin;C:\Program Files\nodejs\;C:\Program Files\PuTTY\;C:\WINDOWS\system32;C:\WINDOWS;C:\WINDOWS\System32\Wbem;C:\WINDOWS\System32\WindowsPowerShell\v1.0\;C:\WINDOWS\System32\OpenSSH\;C:\Users\86157\AppData\Local\Programs\Python\Python39\Scripts\;C:\Users\86157\AppData\Local\Programs\Python\Python39\;C:\Program Files\MySQL\MySQL Shell 8.0\bin\;C:\Users\86157\AppData\Local\Microsoft\WindowsApps;D:\Microsoft VS Code\bin;C:\Python27;C:\Program Files\Azure Data Studio\bin;C:\Users\86157\AppData\Local\Pandoc\;C:\TDM-GCC-64\bin;C:\Users\86157\AppData\Roaming\npm;D:\ffmpeg\bin;C:\Users\86157\AppData\Local\Programs\Fiddler;C:\Users\86157\AppData\Local\Google\Chrome\Application;C:\Users\86157\AppData\Local\Microsoft\WindowsApps;C:\Users\86157\AppData\Local\GitHubDesktop\bin;
USERNAME=86157
OS=Windows_NT
PROCESSOR_IDENTIFIER=Intel64 Family 6 Model 142 Stepping 12, GenuineIntel



---------------  S Y S T E M  ---------------

OS: Windows 10 , 64 bit Build 22598 (10.0.22598.1)
OS uptime: 0 days 7:41 hours

CPU:total 8 (initial active 8) (4 cores per cpu, 2 threads per core) family 6 model 142 stepping 12 microcode 0xde, cmov, cx8, fxsr, mmx, sse, sse2, sse3, ssse3, sse4.1, sse4.2, popcnt, avx, avx2, aes, clmul, erms, 3dnowpref, lzcnt, ht, tsc, tscinvbit, bmi1, bmi2, adx, fma

Memory: 4k page, system-wide physical 8013M (250M free)
TotalPageFile size 16205M (AvailPageFile size 8M)
current process WorkingSet (physical memory assigned to process): 338M, peak: 338M
current process commit charge ("private bytes"): 375M, peak: 376M

vm_info: OpenJDK 64-Bit Server VM (11.0.11+9-b60-7590822) for windows-amd64 JRE (11.0.11+9-b60-7590822), built on Jul 29 2021 21:43:44 by "builder" with MS VC++ 14.0 (VS2015)

END.
