#
# There is insufficient memory for the Java Runtime Environment to continue.
# Native memory allocation (malloc) failed to allocate 1251696 bytes for Chunk::new
# Possible reasons:
#   The system is out of physical RAM or swap space
#   The process is running with CompressedOops enabled, and the Java Heap may be blocking the growth of the native heap
# Possible solutions:
#   Reduce memory load on the system
#   Increase physical memory or swap space
#   Check if swap backing store is full
#   Decrease Java heap size (-Xmx/-Xms)
#   Decrease number of Java threads
#   Decrease Java thread stack sizes (-Xss)
#   Set larger code cache with -XX:ReservedCodeCacheSize=
#   JVM is running with Unscaled Compressed Oops mode in which the Java heap is
#     placed in the first 4GB address space. The Java Heap base address is the
#     maximum limit for the native heap growth. Please use -XX:HeapBaseMinAddress
#     to set the Java Heap base and to place the Java Heap above 4GB virtual address.
# This output file may be truncated or incomplete.
#
#  Out of Memory Error (./src/hotspot/share/memory/arena.cpp:197), pid=21052, tid=22780
#
# JRE version: OpenJDK Runtime Environment (11.0.11+9) (build 11.0.11+9-b60-7590822)
# Java VM: OpenJDK 64-Bit Server VM (11.0.11+9-b60-7590822, mixed mode, tiered, compressed oops, g1 gc, windows-amd64)
# No core dump will be written. Minidumps are not enabled by default on client versions of Windows
#

---------------  S U M M A R Y ------------

Command Line: --add-opens=java.base/java.util=ALL-UNNAMED --add-opens=java.base/java.lang=ALL-UNNAMED --add-opens=java.base/java.lang.invoke=ALL-UNNAMED --add-opens=java.base/java.util=ALL-UNNAMED --add-opens=java.prefs/java.util.prefs=ALL-UNNAMED --add-opens=java.prefs/java.util.prefs=ALL-UNNAMED --add-opens=java.base/java.nio.charset=ALL-UNNAMED --add-opens=java.base/java.net=ALL-UNNAMED --add-opens=java.base/java.util.concurrent.atomic=ALL-UNNAMED -Xmx2048m -Dfile.encoding=UTF-8 -Duser.country=CN -Duser.language=zh -Duser.variant org.gradle.launcher.daemon.bootstrap.GradleDaemon 7.2

Host: Intel(R) Core(TM) i5-8265U CPU @ 1.60GHz, 8 cores, 7G,  Windows 10 , 64 bit Build 22598 (10.0.22598.1)
Time: Mon May 30 01:16:18 2022 中国标准时间 elapsed time: 35.304345 seconds (0d 0h 0m 35s)

---------------  T H R E A D  ---------------

Current thread (0x000002017a8e7000):  JavaThread "C2 CompilerThread0" daemon [_thread_in_native, id=22780, stack(0x000000876c700000,0x000000876c800000)]


Current CompileTask:
C2:  35304 10906       4       org.gradle.cache.internal.btree.CachingBlockStore::read (56 bytes)

Stack: [0x000000876c700000,0x000000876c800000]
Native frames: (J=compiled Java code, j=interpreted, Vv=VM code, C=native code)
V  [jvm.dll+0x5f214a]
V  [jvm.dll+0x726fb5]
V  [jvm.dll+0x7285cd]
V  [jvm.dll+0x728c83]
V  [jvm.dll+0x243278]
V  [jvm.dll+0xbc53c]
V  [jvm.dll+0xbca3c]
V  [jvm.dll+0x353e3b]
V  [jvm.dll+0x321893]
V  [jvm.dll+0x320d8a]
V  [jvm.dll+0x1fc1e2]
V  [jvm.dll+0x1fb3d4]
V  [jvm.dll+0x183d6c]
V  [jvm.dll+0x209a57]
V  [jvm.dll+0x2082a1]
V  [jvm.dll+0x6ef58f]
V  [jvm.dll+0x6e80b5]
V  [jvm.dll+0x5f1036]
C  [ucrtbase.dll+0x29363]
C  [KERNEL32.DLL+0x1244d]
C  [ntdll.dll+0x5df88]


---------------  P R O C E S S  ---------------

Threads class SMR info:
_java_thread_list=0x0000020101ad2c10, length=123, elements={
0x000002015db99800, 0x0000020179faf800, 0x0000020179fb4000, 0x0000020179fda000,
0x0000020179fdd000, 0x0000020179fde800, 0x000002017a8e7000, 0x000002017a8e9000,
0x000002017a8ee800, 0x000002017aa77800, 0x000002017c1c5800, 0x000002017ac7f000,
0x000002017ae5e000, 0x000002017dbc9800, 0x000002017caf5000, 0x000002017da27000,
0x000002017d8d5800, 0x000002017cae1000, 0x000002017bedc800, 0x000002017cf9d000,
0x000002017cf9b800, 0x000002017cf9c000, 0x000002017cf9a800, 0x000002017cf98000,
0x000002017cf99000, 0x000002017cf9a000, 0x000002017cf9e000, 0x000002017cf9e800,
0x000002017de8f800, 0x000002017de8c000, 0x000002017de8a800, 0x000002017de8b000,
0x000002017de8e800, 0x000002017de89800, 0x000002017de91000, 0x000002017de92800,
0x000002017de90000, 0x000002017de92000, 0x000002017de93800, 0x000002017de98800,
0x000002017de97800, 0x000002017de94000, 0x000002017de96800, 0x000002017de95000,
0x000002017de96000, 0x000002017b885800, 0x000002017b883000, 0x000002017b882800,
0x000002017b884800, 0x000002017b886800, 0x000002017b880800, 0x000002017b887000,
0x000002017b881800, 0x000002017b889000, 0x000002017b888000, 0x000002017b889800,
0x000002017b884000, 0x000002017b88d000, 0x000002017b88f800, 0x000002017b88c000,
0x000002017b88a800, 0x000002017b88b800, 0x000002017b88e800, 0x000002017b88d800,
0x000002017b58d800, 0x000002017b58c000, 0x000002017b588000, 0x000002017b58e800,
0x000002017b58d000, 0x000002017b589000, 0x000002017b58f800, 0x000002017b589800,
0x000002017b58b800, 0x000002017b590000, 0x000002017b58a800, 0x000002017b592800,
0x000002017b592000, 0x000002017b596000, 0x000002017b591000, 0x000002017b593800,
0x000002017b596800, 0x000002017b594000, 0x000002017b595000, 0x000002017b0ca000,
0x000002017b0c4000, 0x000002017b0c8800, 0x000002017b0c5000, 0x000002017b0cb800,
0x000002017b0c6000, 0x000002017b0c7800, 0x000002017b0c9000, 0x000002017b0cb000,
0x000002017b0cc800, 0x000002017b0c6800, 0x000002017b0d3000, 0x000002017b0d2000,
0x000002017b0cd000, 0x000002017b0ce000, 0x000002017b0cf000, 0x000002017b0cf800,
0x000002017b0d0800, 0x000002017b0d1800, 0x000002017e575800, 0x000002017e575000,
0x000002017e576800, 0x000002017e574000, 0x000002017e573000, 0x000002017e579800,
0x000002017e57a800, 0x000002017e57b800, 0x000002017e577800, 0x000002017e578000,
0x000002017e57c000, 0x000002017e57d000, 0x000002017e57e000, 0x000002017e579000,
0x000002017e57e800, 0x000002017e57f800, 0x000002017e580000, 0x000002017e581000,
0x000002017e582000, 0x000002017cba1000, 0x000002017cba7800
}

Java Threads: ( => current thread )
  0x000002015db99800 JavaThread "main" [_thread_blocked, id=3336, stack(0x000000876bb00000,0x000000876bc00000)]
  0x0000020179faf800 JavaThread "Reference Handler" daemon [_thread_blocked, id=23940, stack(0x000000876c200000,0x000000876c300000)]
  0x0000020179fb4000 JavaThread "Finalizer" daemon [_thread_blocked, id=1696, stack(0x000000876c300000,0x000000876c400000)]
  0x0000020179fda000 JavaThread "Signal Dispatcher" daemon [_thread_blocked, id=21444, stack(0x000000876c400000,0x000000876c500000)]
  0x0000020179fdd000 JavaThread "Attach Listener" daemon [_thread_blocked, id=20424, stack(0x000000876c500000,0x000000876c600000)]
  0x0000020179fde800 JavaThread "Service Thread" daemon [_thread_blocked, id=20568, stack(0x000000876c600000,0x000000876c700000)]
=>0x000002017a8e7000 JavaThread "C2 CompilerThread0" daemon [_thread_in_native, id=22780, stack(0x000000876c700000,0x000000876c800000)]
  0x000002017a8e9000 JavaThread "C1 CompilerThread0" daemon [_thread_in_native, id=19332, stack(0x000000876c800000,0x000000876c900000)]
  0x000002017a8ee800 JavaThread "Sweeper thread" daemon [_thread_blocked, id=12304, stack(0x000000876c900000,0x000000876ca00000)]
  0x000002017aa77800 JavaThread "Common-Cleaner" daemon [_thread_blocked, id=2488, stack(0x000000876ca00000,0x000000876cb00000)]
  0x000002017c1c5800 JavaThread "Daemon health stats" [_thread_blocked, id=23796, stack(0x000000876cd00000,0x000000876ce00000)]
  0x000002017ac7f000 JavaThread "Incoming local TCP Connector on port 62549" [_thread_in_native, id=23456, stack(0x000000876cc00000,0x000000876cd00000)]
  0x000002017ae5e000 JavaThread "Daemon periodic checks" [_thread_blocked, id=23492, stack(0x000000876d100000,0x000000876d200000)]
  0x000002017dbc9800 JavaThread "Daemon" [_thread_blocked, id=22292, stack(0x000000876d200000,0x000000876d300000)]
  0x000002017caf5000 JavaThread "Handler for socket connection from /127.0.0.1:62549 to /127.0.0.1:62550" [_thread_in_native, id=24056, stack(0x000000876d300000,0x000000876d400000)]
  0x000002017da27000 JavaThread "Cancel handler" [_thread_blocked, id=13588, stack(0x000000876d000000,0x000000876d100000)]
  0x000002017d8d5800 JavaThread "Daemon worker" [_thread_in_Java, id=23364, stack(0x000000876d400000,0x000000876d500000)]
  0x000002017cae1000 JavaThread "Asynchronous log dispatcher for DefaultDaemonConnection: socket connection from /127.0.0.1:62549 to /127.0.0.1:62550" [_thread_blocked, id=23216, stack(0x000000876d500000,0x000000876d600000)]
  0x000002017bedc800 JavaThread "Stdin handler" [_thread_blocked, id=13272, stack(0x000000876d600000,0x000000876d700000)]
  0x000002017cf9d000 JavaThread "Daemon client event forwarder" [_thread_blocked, id=15112, stack(0x000000876d700000,0x000000876d800000)]
  0x000002017cf9b800 JavaThread "Cache worker for journal cache (C:\Users\86157\.gradle\caches\journal-1)" [_thread_blocked, id=6676, stack(0x000000876dd00000,0x000000876de00000)]
  0x000002017cf9c000 JavaThread "File lock request listener" [_thread_in_native, id=21936, stack(0x000000876de00000,0x000000876df00000)]
  0x000002017cf9a800 JavaThread "Cache worker for file hash cache (C:\Users\86157\.gradle\caches\7.2\fileHashes)" [_thread_blocked, id=23376, stack(0x000000876e000000,0x000000876e100000)]
  0x000002017cf98000 JavaThread "Cache worker for file hash cache (C:\Users\86157\AndroidStudioProjects\BookManagement\.gradle\7.2\fileHashes)" [_thread_blocked, id=4208, stack(0x000000876e100000,0x000000876e200000)]
  0x000002017cf99000 JavaThread "File watcher server" daemon [_thread_in_native, id=15792, stack(0x000000876e300000,0x000000876e400000)]
  0x000002017cf9a000 JavaThread "File watcher consumer" daemon [_thread_blocked, id=22952, stack(0x000000876e400000,0x000000876e500000)]
  0x000002017cf9e000 JavaThread "jar transforms" [_thread_blocked, id=11320, stack(0x000000876e500000,0x000000876e600000)]
  0x000002017cf9e800 JavaThread "jar transforms Thread 2" [_thread_blocked, id=2308, stack(0x000000876e600000,0x000000876e700000)]
  0x000002017de8f800 JavaThread "jar transforms Thread 3" [_thread_blocked, id=24528, stack(0x000000876e700000,0x000000876e800000)]
  0x000002017de8c000 JavaThread "jar transforms Thread 4" [_thread_blocked, id=9284, stack(0x000000876e800000,0x000000876e900000)]
  0x000002017de8a800 JavaThread "jar transforms Thread 5" [_thread_blocked, id=24004, stack(0x000000876e900000,0x000000876ea00000)]
  0x000002017de8b000 JavaThread "jar transforms Thread 6" [_thread_blocked, id=21692, stack(0x000000876ea00000,0x000000876eb00000)]
  0x000002017de8e800 JavaThread "jar transforms Thread 7" [_thread_blocked, id=13840, stack(0x000000876eb00000,0x000000876ec00000)]
  0x000002017de89800 JavaThread "jar transforms Thread 8" [_thread_blocked, id=10484, stack(0x000000876ec00000,0x000000876ed00000)]
  0x000002017de91000 JavaThread "Cache worker for checksums cache (C:\Users\86157\AndroidStudioProjects\BookManagement\.gradle\checksums)" [_thread_blocked, id=18404, stack(0x000000876ed00000,0x000000876ee00000)]
  0x000002017de92800 JavaThread "Cache worker for cache directory md-supplier (C:\Users\86157\.gradle\caches\7.2\md-supplier)" [_thread_blocked, id=18984, stack(0x000000876ee00000,0x000000876ef00000)]
  0x000002017de90000 JavaThread "Cache worker for cache directory md-rule (C:\Users\86157\.gradle\caches\7.2\md-rule)" [_thread_blocked, id=18036, stack(0x000000876ef00000,0x000000876f000000)]
  0x000002017de92000 JavaThread "Cache worker for execution history cache (C:\Users\86157\.gradle\caches\7.2\executionHistory)" [_thread_blocked, id=21836, stack(0x000000876f000000,0x000000876f100000)]
  0x000002017de93800 JavaThread "Cache worker for file content cache (C:\Users\86157\.gradle\caches\7.2\fileContent)" [_thread_blocked, id=24264, stack(0x000000876f100000,0x000000876f200000)]
  0x000002017de98800 JavaThread "Cache worker for dependencies-accessors (C:\Users\86157\AndroidStudioProjects\BookManagement\.gradle\7.2\dependencies-accessors)" [_thread_blocked, id=19116, stack(0x000000876f200000,0x000000876f300000)]
  0x000002017de97800 JavaThread "File lock release action executor" [_thread_blocked, id=20964, stack(0x000000876f300000,0x000000876f400000)]
  0x000002017de94000 JavaThread "Cache worker for Build Output Cleanup Cache (C:\Users\86157\AndroidStudioProjects\BookManagement\.gradle\buildOutputCleanup)" [_thread_blocked, id=23128, stack(0x000000876f400000,0x000000876f500000)]
  0x000002017de96800 JavaThread "Unconstrained build operations" [_thread_blocked, id=19184, stack(0x000000876f500000,0x000000876f600000)]
  0x000002017de95000 JavaThread "Unconstrained build operations Thread 2" [_thread_blocked, id=24072, stack(0x000000876f600000,0x000000876f700000)]
  0x000002017de96000 JavaThread "Unconstrained build operations Thread 3" [_thread_blocked, id=20128, stack(0x000000876f700000,0x000000876f800000)]
  0x000002017b885800 JavaThread "Unconstrained build operations Thread 4" [_thread_blocked, id=12832, stack(0x000000876f800000,0x000000876f900000)]
  0x000002017b883000 JavaThread "Unconstrained build operations Thread 5" [_thread_blocked, id=15920, stack(0x000000876f900000,0x000000876fa00000)]
  0x000002017b882800 JavaThread "Unconstrained build operations Thread 6" [_thread_blocked, id=1388, stack(0x000000876fa00000,0x000000876fb00000)]
  0x000002017b884800 JavaThread "Unconstrained build operations Thread 7" [_thread_blocked, id=22200, stack(0x000000876fb00000,0x000000876fc00000)]
  0x000002017b886800 JavaThread "Unconstrained build operations Thread 8" [_thread_blocked, id=24324, stack(0x000000876fc00000,0x000000876fd00000)]
  0x000002017b880800 JavaThread "Unconstrained build operations Thread 9" [_thread_blocked, id=20456, stack(0x000000876fd00000,0x000000876fe00000)]
  0x000002017b887000 JavaThread "Unconstrained build operations Thread 10" [_thread_blocked, id=19432, stack(0x000000876fe00000,0x000000876ff00000)]
  0x000002017b881800 JavaThread "Unconstrained build operations Thread 11" [_thread_blocked, id=19440, stack(0x000000876ff00000,0x0000008770000000)]
  0x000002017b889000 JavaThread "Unconstrained build operations Thread 12" [_thread_blocked, id=9572, stack(0x0000008770000000,0x0000008770100000)]
  0x000002017b888000 JavaThread "Unconstrained build operations Thread 13" [_thread_blocked, id=13020, stack(0x0000008770100000,0x0000008770200000)]
  0x000002017b889800 JavaThread "Unconstrained build operations Thread 14" [_thread_blocked, id=19428, stack(0x0000008770200000,0x0000008770300000)]
  0x000002017b884000 JavaThread "Unconstrained build operations Thread 15" [_thread_blocked, id=11812, stack(0x0000008770300000,0x0000008770400000)]
  0x000002017b88d000 JavaThread "Unconstrained build operations Thread 16" [_thread_blocked, id=19152, stack(0x0000008770400000,0x0000008770500000)]
  0x000002017b88f800 JavaThread "Unconstrained build operations Thread 17" [_thread_blocked, id=23024, stack(0x0000008770500000,0x0000008770600000)]
  0x000002017b88c000 JavaThread "Unconstrained build operations Thread 18" [_thread_blocked, id=5124, stack(0x0000008770600000,0x0000008770700000)]
  0x000002017b88a800 JavaThread "Unconstrained build operations Thread 19" [_thread_blocked, id=24548, stack(0x0000008770700000,0x0000008770800000)]
  0x000002017b88b800 JavaThread "Unconstrained build operations Thread 20" [_thread_blocked, id=1108, stack(0x0000008770800000,0x0000008770900000)]
  0x000002017b88e800 JavaThread "Unconstrained build operations Thread 21" [_thread_blocked, id=3120, stack(0x0000008770900000,0x0000008770a00000)]
  0x000002017b88d800 JavaThread "Unconstrained build operations Thread 22" [_thread_blocked, id=19572, stack(0x0000008770a00000,0x0000008770b00000)]
  0x000002017b58d800 JavaThread "Unconstrained build operations Thread 23" [_thread_blocked, id=20700, stack(0x0000008770b00000,0x0000008770c00000)]
  0x000002017b58c000 JavaThread "Unconstrained build operations Thread 24" [_thread_blocked, id=16488, stack(0x0000008770c00000,0x0000008770d00000)]
  0x000002017b588000 JavaThread "Unconstrained build operations Thread 25" [_thread_blocked, id=19444, stack(0x0000008770d00000,0x0000008770e00000)]
  0x000002017b58e800 JavaThread "Unconstrained build operations Thread 26" [_thread_blocked, id=19436, stack(0x0000008770e00000,0x0000008770f00000)]
  0x000002017b58d000 JavaThread "Unconstrained build operations Thread 27" [_thread_blocked, id=14720, stack(0x0000008770f00000,0x0000008771000000)]
  0x000002017b589000 JavaThread "Unconstrained build operations Thread 28" [_thread_blocked, id=20604, stack(0x0000008771000000,0x0000008771100000)]
  0x000002017b58f800 JavaThread "Unconstrained build operations Thread 29" [_thread_blocked, id=6428, stack(0x0000008771100000,0x0000008771200000)]
  0x000002017b589800 JavaThread "Unconstrained build operations Thread 30" [_thread_blocked, id=3912, stack(0x0000008771200000,0x0000008771300000)]
  0x000002017b58b800 JavaThread "Unconstrained build operations Thread 31" [_thread_blocked, id=23936, stack(0x0000008771300000,0x0000008771400000)]
  0x000002017b590000 JavaThread "Unconstrained build operations Thread 32" [_thread_blocked, id=5940, stack(0x0000008771400000,0x0000008771500000)]
  0x000002017b58a800 JavaThread "Unconstrained build operations Thread 33" [_thread_blocked, id=20644, stack(0x0000008771500000,0x0000008771600000)]
  0x000002017b592800 JavaThread "Unconstrained build operations Thread 34" [_thread_blocked, id=16400, stack(0x0000008771600000,0x0000008771700000)]
  0x000002017b592000 JavaThread "Unconstrained build operations Thread 35" [_thread_blocked, id=24440, stack(0x0000008771700000,0x0000008771800000)]
  0x000002017b596000 JavaThread "Unconstrained build operations Thread 36" [_thread_blocked, id=23740, stack(0x0000008771800000,0x0000008771900000)]
  0x000002017b591000 JavaThread "Unconstrained build operations Thread 37" [_thread_blocked, id=2300, stack(0x0000008771900000,0x0000008771a00000)]
  0x000002017b593800 JavaThread "Unconstrained build operations Thread 38" [_thread_blocked, id=17072, stack(0x0000008771a00000,0x0000008771b00000)]
  0x000002017b596800 JavaThread "Unconstrained build operations Thread 39" [_thread_blocked, id=24468, stack(0x0000008771b00000,0x0000008771c00000)]
  0x000002017b594000 JavaThread "Unconstrained build operations Thread 40" [_thread_blocked, id=13776, stack(0x0000008771c00000,0x0000008771d00000)]
  0x000002017b595000 JavaThread "Unconstrained build operations Thread 41" [_thread_blocked, id=13352, stack(0x0000008771d00000,0x0000008771e00000)]
  0x000002017b0ca000 JavaThread "Unconstrained build operations Thread 42" [_thread_blocked, id=9304, stack(0x0000008771e00000,0x0000008771f00000)]
  0x000002017b0c4000 JavaThread "Unconstrained build operations Thread 43" [_thread_blocked, id=18712, stack(0x0000008771f00000,0x0000008772000000)]
  0x000002017b0c8800 JavaThread "Unconstrained build operations Thread 44" [_thread_blocked, id=16324, stack(0x0000008772000000,0x0000008772100000)]
  0x000002017b0c5000 JavaThread "Unconstrained build operations Thread 45" [_thread_blocked, id=23884, stack(0x0000008772100000,0x0000008772200000)]
  0x000002017b0cb800 JavaThread "Unconstrained build operations Thread 46" [_thread_blocked, id=11068, stack(0x0000008772200000,0x0000008772300000)]
  0x000002017b0c6000 JavaThread "Unconstrained build operations Thread 47" [_thread_blocked, id=2952, stack(0x0000008772300000,0x0000008772400000)]
  0x000002017b0c7800 JavaThread "Unconstrained build operations Thread 48" [_thread_blocked, id=23668, stack(0x0000008772400000,0x0000008772500000)]
  0x000002017b0c9000 JavaThread "Unconstrained build operations Thread 49" [_thread_blocked, id=24316, stack(0x0000008772500000,0x0000008772600000)]
  0x000002017b0cb000 JavaThread "Unconstrained build operations Thread 50" [_thread_blocked, id=17528, stack(0x0000008772600000,0x0000008772700000)]
  0x000002017b0cc800 JavaThread "Unconstrained build operations Thread 51" [_thread_blocked, id=19400, stack(0x0000008772700000,0x0000008772800000)]
  0x000002017b0c6800 JavaThread "Unconstrained build operations Thread 52" [_thread_blocked, id=20072, stack(0x0000008772800000,0x0000008772900000)]
  0x000002017b0d3000 JavaThread "Unconstrained build operations Thread 53" [_thread_blocked, id=1612, stack(0x0000008772900000,0x0000008772a00000)]
  0x000002017b0d2000 JavaThread "Unconstrained build operations Thread 54" [_thread_blocked, id=17516, stack(0x0000008772a00000,0x0000008772b00000)]
  0x000002017b0cd000 JavaThread "Unconstrained build operations Thread 55" [_thread_blocked, id=5064, stack(0x0000008772b00000,0x0000008772c00000)]
  0x000002017b0ce000 JavaThread "Unconstrained build operations Thread 56" [_thread_blocked, id=19056, stack(0x0000008772c00000,0x0000008772d00000)]
  0x000002017b0cf000 JavaThread "Unconstrained build operations Thread 57" [_thread_blocked, id=20044, stack(0x0000008772d00000,0x0000008772e00000)]
  0x000002017b0cf800 JavaThread "Unconstrained build operations Thread 58" [_thread_blocked, id=24464, stack(0x0000008772e00000,0x0000008772f00000)]
  0x000002017b0d0800 JavaThread "Unconstrained build operations Thread 59" [_thread_blocked, id=22948, stack(0x0000008772f00000,0x0000008773000000)]
  0x000002017b0d1800 JavaThread "Unconstrained build operations Thread 60" [_thread_blocked, id=20948, stack(0x0000008773000000,0x0000008773100000)]
  0x000002017e575800 JavaThread "Unconstrained build operations Thread 61" [_thread_blocked, id=14484, stack(0x0000008773100000,0x0000008773200000)]
  0x000002017e575000 JavaThread "Unconstrained build operations Thread 62" [_thread_blocked, id=13152, stack(0x0000008773200000,0x0000008773300000)]
  0x000002017e576800 JavaThread "Unconstrained build operations Thread 63" [_thread_blocked, id=19004, stack(0x0000008773300000,0x0000008773400000)]
  0x000002017e574000 JavaThread "Unconstrained build operations Thread 64" [_thread_blocked, id=2028, stack(0x0000008773400000,0x0000008773500000)]
  0x000002017e573000 JavaThread "Unconstrained build operations Thread 65" [_thread_blocked, id=11676, stack(0x0000008773500000,0x0000008773600000)]
  0x000002017e579800 JavaThread "Unconstrained build operations Thread 66" [_thread_blocked, id=2344, stack(0x0000008773600000,0x0000008773700000)]
  0x000002017e57a800 JavaThread "Unconstrained build operations Thread 67" [_thread_blocked, id=19912, stack(0x0000008773700000,0x0000008773800000)]
  0x000002017e57b800 JavaThread "Unconstrained build operations Thread 68" [_thread_blocked, id=19136, stack(0x0000008773800000,0x0000008773900000)]
  0x000002017e577800 JavaThread "Unconstrained build operations Thread 69" [_thread_blocked, id=22264, stack(0x0000008773900000,0x0000008773a00000)]
  0x000002017e578000 JavaThread "Unconstrained build operations Thread 70" [_thread_blocked, id=23240, stack(0x0000008773a00000,0x0000008773b00000)]
  0x000002017e57c000 JavaThread "Unconstrained build operations Thread 71" [_thread_blocked, id=22416, stack(0x0000008773b00000,0x0000008773c00000)]
  0x000002017e57d000 JavaThread "Unconstrained build operations Thread 72" [_thread_blocked, id=10572, stack(0x0000008773c00000,0x0000008773d00000)]
  0x000002017e57e000 JavaThread "Unconstrained build operations Thread 73" [_thread_blocked, id=22996, stack(0x0000008773d00000,0x0000008773e00000)]
  0x000002017e579000 JavaThread "Unconstrained build operations Thread 74" [_thread_blocked, id=24512, stack(0x0000008773e00000,0x0000008773f00000)]
  0x000002017e57e800 JavaThread "Unconstrained build operations Thread 75" [_thread_blocked, id=1952, stack(0x0000008773f00000,0x0000008774000000)]
  0x000002017e57f800 JavaThread "Unconstrained build operations Thread 76" [_thread_blocked, id=18104, stack(0x0000008774000000,0x0000008774100000)]
  0x000002017e580000 JavaThread "Unconstrained build operations Thread 77" [_thread_blocked, id=22296, stack(0x0000008774100000,0x0000008774200000)]
  0x000002017e581000 JavaThread "Unconstrained build operations Thread 78" [_thread_blocked, id=8864, stack(0x0000008774200000,0x0000008774300000)]
  0x000002017e582000 JavaThread "Unconstrained build operations Thread 79" [_thread_blocked, id=1912, stack(0x0000008774300000,0x0000008774400000)]
  0x000002017cba1000 JavaThread "Unconstrained build operations Thread 80" [_thread_blocked, id=15916, stack(0x0000008774400000,0x0000008774500000)]
  0x000002017cba7800 JavaThread "Memory manager" [_thread_blocked, id=18728, stack(0x0000008774500000,0x0000008774600000)]

Other Threads:
  0x0000020179fae000 VMThread "VM Thread" [stack: 0x000000876c100000,0x000000876c200000] [id=13896]
  0x000002017aa84800 WatcherThread [stack: 0x000000876cb00000,0x000000876cc00000] [id=772]
  0x000002015dbb3800 GCTaskThread "GC Thread#0" [stack: 0x000000876bc00000,0x000000876bd00000] [id=12000]
  0x000002017b64c000 GCTaskThread "GC Thread#1" [stack: 0x000000876ce00000,0x000000876cf00000] [id=23432]
  0x000002017baae000 GCTaskThread "GC Thread#2" [stack: 0x000000876cf00000,0x000000876d000000] [id=23480]
  0x000002017b8b0800 GCTaskThread "GC Thread#3" [stack: 0x000000876d800000,0x000000876d900000] [id=16572]
  0x000002017b625800 GCTaskThread "GC Thread#4" [stack: 0x000000876d900000,0x000000876da00000] [id=20116]
  0x000002017b313000 GCTaskThread "GC Thread#5" [stack: 0x000000876da00000,0x000000876db00000] [id=21920]
  0x000002017da62800 GCTaskThread "GC Thread#6" [stack: 0x000000876db00000,0x000000876dc00000] [id=15124]
  0x000002017ceb7000 GCTaskThread "GC Thread#7" [stack: 0x000000876dc00000,0x000000876dd00000] [id=9396]
  0x000002015dbe7000 ConcurrentGCThread "G1 Main Marker" [stack: 0x000000876bd00000,0x000000876be00000] [id=16076]
  0x000002015dbe8000 ConcurrentGCThread "G1 Conc#0" [stack: 0x000000876be00000,0x000000876bf00000] [id=24232]
  0x000002017cfaf000 ConcurrentGCThread "G1 Conc#1" [stack: 0x000000876df00000,0x000000876e000000] [id=10576]
  0x000002015dc6d000 ConcurrentGCThread "G1 Refine#0" [stack: 0x000000876bf00000,0x000000876c000000] [id=20372]
  0x000002015dc6e000 ConcurrentGCThread "G1 Young RemSet Sampling" [stack: 0x000000876c000000,0x000000876c100000] [id=19944]

Threads with active compile tasks:
C2 CompilerThread0  35350 10906       4       org.gradle.cache.internal.btree.CachingBlockStore::read (56 bytes)

VM state:not at safepoint (normal execution)

VM Mutex/Monitor currently owned by a thread: None

Heap address: 0x0000000080000000, size: 2048 MB, Compressed Oops mode: 32-bit
Narrow klass base: 0x0000000000000000, Narrow klass shift: 3
Compressed class space size: 1073741824 Address: 0x0000000100000000

Heap:
 garbage-first heap   total 155648K, used 121974K [0x0000000080000000, 0x0000000100000000)
  region size 1024K, 8 young (8192K), 1 survivors (1024K)
 Metaspace       used 96177K, capacity 98736K, committed 99016K, reserved 1134592K
  class space    used 12346K, capacity 13283K, committed 13336K, reserved 1048576K
Heap Regions: E=young(eden), S=young(survivor), O=old, HS=humongous(starts), HC=humongous(continues), CS=collection set, F=free, A=archive, TAMS=top-at-mark-start (previous, next)
|   0|0x0000000080000000, 0x0000000080100000, 0x0000000080100000|100%| O|  |TAMS 0x0000000080100000, 0x0000000080000000| Untracked 
|   1|0x0000000080100000, 0x0000000080200000, 0x0000000080200000|100%| O|  |TAMS 0x0000000080200000, 0x0000000080100000| Untracked 
|   2|0x0000000080200000, 0x0000000080300000, 0x0000000080300000|100%| O|  |TAMS 0x0000000080300000, 0x0000000080200000| Untracked 
|   3|0x0000000080300000, 0x0000000080400000, 0x0000000080400000|100%|HS|  |TAMS 0x0000000080400000, 0x0000000080300000| Complete 
|   4|0x0000000080400000, 0x0000000080500000, 0x0000000080500000|100%|HC|  |TAMS 0x0000000080500000, 0x0000000080400000| Complete 
|   5|0x0000000080500000, 0x0000000080600000, 0x0000000080600000|100%|HC|  |TAMS 0x0000000080600000, 0x0000000080500000| Complete 
|   6|0x0000000080600000, 0x0000000080700000, 0x0000000080700000|100%| O|  |TAMS 0x0000000080700000, 0x0000000080600000| Untracked 
|   7|0x0000000080700000, 0x0000000080800000, 0x0000000080800000|100%| O|  |TAMS 0x0000000080800000, 0x0000000080700000| Untracked 
|   8|0x0000000080800000, 0x0000000080900000, 0x0000000080900000|100%| O|  |TAMS 0x0000000080900000, 0x0000000080800000| Untracked 
|   9|0x0000000080900000, 0x0000000080a00000, 0x0000000080a00000|100%| O|  |TAMS 0x0000000080a00000, 0x0000000080900000| Untracked 
|  10|0x0000000080a00000, 0x0000000080b00000, 0x0000000080b00000|100%| O|  |TAMS 0x0000000080b00000, 0x0000000080a00000| Untracked 
|  11|0x0000000080b00000, 0x0000000080c00000, 0x0000000080c00000|100%| O|  |TAMS 0x0000000080c00000, 0x0000000080b00000| Untracked 
|  12|0x0000000080c00000, 0x0000000080d00000, 0x0000000080d00000|100%| O|  |TAMS 0x0000000080d00000, 0x0000000080c00000| Untracked 
|  13|0x0000000080d00000, 0x0000000080e00000, 0x0000000080e00000|100%| O|  |TAMS 0x0000000080e00000, 0x0000000080d00000| Untracked 
|  14|0x0000000080e00000, 0x0000000080f00000, 0x0000000080f00000|100%| O|  |TAMS 0x0000000080f00000, 0x0000000080e00000| Untracked 
|  15|0x0000000080f00000, 0x0000000081000000, 0x0000000081000000|100%| O|  |TAMS 0x0000000081000000, 0x0000000080f00000| Untracked 
|  16|0x0000000081000000, 0x0000000081100000, 0x0000000081100000|100%|HS|  |TAMS 0x0000000081100000, 0x0000000081000000| Complete 
|  17|0x0000000081100000, 0x0000000081200000, 0x0000000081200000|100%|HC|  |TAMS 0x0000000081200000, 0x0000000081100000| Complete 
|  18|0x0000000081200000, 0x0000000081300000, 0x0000000081300000|100%|HS|  |TAMS 0x0000000081300000, 0x0000000081200000| Complete 
|  19|0x0000000081300000, 0x0000000081400000, 0x0000000081400000|100%|HC|  |TAMS 0x0000000081400000, 0x0000000081300000| Complete 
|  20|0x0000000081400000, 0x0000000081500000, 0x0000000081500000|100%|HC|  |TAMS 0x0000000081500000, 0x0000000081400000| Complete 
|  21|0x0000000081500000, 0x0000000081600000, 0x0000000081600000|100%|HS|  |TAMS 0x0000000081600000, 0x0000000081500000| Complete 
|  22|0x0000000081600000, 0x0000000081700000, 0x0000000081700000|100%|HC|  |TAMS 0x0000000081700000, 0x0000000081600000| Complete 
|  23|0x0000000081700000, 0x0000000081800000, 0x0000000081800000|100%|HC|  |TAMS 0x0000000081800000, 0x0000000081700000| Complete 
|  24|0x0000000081800000, 0x0000000081900000, 0x0000000081900000|100%|HC|  |TAMS 0x0000000081900000, 0x0000000081800000| Complete 
|  25|0x0000000081900000, 0x0000000081a00000, 0x0000000081a00000|100%|HS|  |TAMS 0x0000000081a00000, 0x0000000081900000| Complete 
|  26|0x0000000081a00000, 0x0000000081b00000, 0x0000000081b00000|100%|HC|  |TAMS 0x0000000081b00000, 0x0000000081a00000| Complete 
|  27|0x0000000081b00000, 0x0000000081c00000, 0x0000000081c00000|100%|HC|  |TAMS 0x0000000081c00000, 0x0000000081b00000| Complete 
|  28|0x0000000081c00000, 0x0000000081d00000, 0x0000000081d00000|100%| O|  |TAMS 0x0000000081d00000, 0x0000000081c00000| Untracked 
|  29|0x0000000081d00000, 0x0000000081e00000, 0x0000000081e00000|100%| O|  |TAMS 0x0000000081e00000, 0x0000000081d00000| Untracked 
|  30|0x0000000081e00000, 0x0000000081f00000, 0x0000000081f00000|100%| O|  |TAMS 0x0000000081f00000, 0x0000000081e00000| Untracked 
|  31|0x0000000081f00000, 0x0000000082000000, 0x0000000082000000|100%| O|  |TAMS 0x0000000082000000, 0x0000000081f00000| Untracked 
|  32|0x0000000082000000, 0x0000000082100000, 0x0000000082100000|100%| O|  |TAMS 0x0000000082100000, 0x0000000082000000| Untracked 
|  33|0x0000000082100000, 0x0000000082200000, 0x0000000082200000|100%| O|  |TAMS 0x0000000082200000, 0x0000000082100000| Untracked 
|  34|0x0000000082200000, 0x0000000082300000, 0x0000000082300000|100%| O|  |TAMS 0x0000000082300000, 0x0000000082200000| Untracked 
|  35|0x0000000082300000, 0x0000000082400000, 0x0000000082400000|100%| O|  |TAMS 0x0000000082400000, 0x0000000082300000| Untracked 
|  36|0x0000000082400000, 0x0000000082500000, 0x0000000082500000|100%| O|  |TAMS 0x0000000082500000, 0x0000000082400000| Untracked 
|  37|0x0000000082500000, 0x0000000082600000, 0x0000000082600000|100%| O|  |TAMS 0x0000000082600000, 0x0000000082500000| Untracked 
|  38|0x0000000082600000, 0x0000000082700000, 0x0000000082700000|100%| O|  |TAMS 0x0000000082700000, 0x0000000082600000| Untracked 
|  39|0x0000000082700000, 0x0000000082800000, 0x0000000082800000|100%| O|  |TAMS 0x0000000082800000, 0x0000000082700000| Untracked 
|  40|0x0000000082800000, 0x0000000082900000, 0x0000000082900000|100%| O|  |TAMS 0x0000000082900000, 0x0000000082800000| Untracked 
|  41|0x0000000082900000, 0x0000000082a00000, 0x0000000082a00000|100%|HS|  |TAMS 0x0000000082a00000, 0x0000000082900000| Complete 
|  42|0x0000000082a00000, 0x0000000082b00000, 0x0000000082b00000|100%|HC|  |TAMS 0x0000000082b00000, 0x0000000082a00000| Complete 
|  43|0x0000000082b00000, 0x0000000082c00000, 0x0000000082c00000|100%|HC|  |TAMS 0x0000000082c00000, 0x0000000082b00000| Complete 
|  44|0x0000000082c00000, 0x0000000082d00000, 0x0000000082d00000|100%|HC|  |TAMS 0x0000000082d00000, 0x0000000082c00000| Complete 
|  45|0x0000000082d00000, 0x0000000082e00000, 0x0000000082e00000|100%| O|  |TAMS 0x0000000082e00000, 0x0000000082d00000| Untracked 
|  46|0x0000000082e00000, 0x0000000082f00000, 0x0000000082f00000|100%| O|  |TAMS 0x0000000082f00000, 0x0000000082e00000| Untracked 
|  47|0x0000000082f00000, 0x0000000083000000, 0x0000000083000000|100%| O|  |TAMS 0x0000000083000000, 0x0000000082f00000| Untracked 
|  48|0x0000000083000000, 0x0000000083100000, 0x0000000083100000|100%| O|  |TAMS 0x0000000083100000, 0x0000000083000000| Untracked 
|  49|0x0000000083100000, 0x0000000083200000, 0x0000000083200000|100%| O|  |TAMS 0x0000000083200000, 0x0000000083100000| Untracked 
|  50|0x0000000083200000, 0x0000000083300000, 0x0000000083300000|100%| O|  |TAMS 0x0000000083300000, 0x0000000083200000| Untracked 
|  51|0x0000000083300000, 0x0000000083400000, 0x0000000083400000|100%| O|  |TAMS 0x0000000083400000, 0x0000000083300000| Untracked 
|  52|0x0000000083400000, 0x0000000083500000, 0x0000000083500000|100%|HS|  |TAMS 0x0000000083500000, 0x0000000083400000| Complete 
|  53|0x0000000083500000, 0x0000000083600000, 0x0000000083600000|100%|HS|  |TAMS 0x0000000083600000, 0x0000000083500000| Complete 
|  54|0x0000000083600000, 0x0000000083700000, 0x0000000083700000|100%|HS|  |TAMS 0x0000000083700000, 0x0000000083600000| Complete 
|  55|0x0000000083700000, 0x0000000083800000, 0x0000000083800000|100%|HS|  |TAMS 0x0000000083800000, 0x0000000083700000| Complete 
|  56|0x0000000083800000, 0x0000000083900000, 0x0000000083900000|100%|HC|  |TAMS 0x0000000083900000, 0x0000000083800000| Complete 
|  57|0x0000000083900000, 0x0000000083a00000, 0x0000000083a00000|100%| O|  |TAMS 0x0000000083a00000, 0x0000000083900000| Untracked 
|  58|0x0000000083a00000, 0x0000000083b00000, 0x0000000083b00000|100%| O|  |TAMS 0x0000000083b00000, 0x0000000083a00000| Untracked 
|  59|0x0000000083b00000, 0x0000000083c00000, 0x0000000083c00000|100%| O|  |TAMS 0x0000000083c00000, 0x0000000083b00000| Untracked 
|  60|0x0000000083c00000, 0x0000000083c00000, 0x0000000083d00000|  0%| F|  |TAMS 0x0000000083c00000, 0x0000000083c00000| Untracked 
|  61|0x0000000083d00000, 0x0000000083e00000, 0x0000000083e00000|100%| O|  |TAMS 0x0000000083e00000, 0x0000000083d00000| Untracked 
|  62|0x0000000083e00000, 0x0000000083f00000, 0x0000000083f00000|100%| O|  |TAMS 0x0000000083f00000, 0x0000000083e00000| Untracked 
|  63|0x0000000083f00000, 0x0000000084000000, 0x0000000084000000|100%| O|  |TAMS 0x0000000084000000, 0x0000000083f00000| Untracked 
|  64|0x0000000084000000, 0x0000000084100000, 0x0000000084100000|100%| O|  |TAMS 0x0000000084100000, 0x0000000084000000| Untracked 
|  65|0x0000000084100000, 0x0000000084200000, 0x0000000084200000|100%| O|  |TAMS 0x0000000084200000, 0x0000000084100000| Untracked 
|  66|0x0000000084200000, 0x0000000084300000, 0x0000000084300000|100%| O|  |TAMS 0x0000000084300000, 0x0000000084200000| Untracked 
|  67|0x0000000084300000, 0x0000000084400000, 0x0000000084400000|100%| O|  |TAMS 0x0000000084400000, 0x0000000084300000| Untracked 
|  68|0x0000000084400000, 0x0000000084500000, 0x0000000084500000|100%| O|  |TAMS 0x0000000084500000, 0x0000000084400000| Untracked 
|  69|0x0000000084500000, 0x0000000084600000, 0x0000000084600000|100%| O|  |TAMS 0x0000000084600000, 0x0000000084500000| Untracked 
|  70|0x0000000084600000, 0x0000000084700000, 0x0000000084700000|100%| O|  |TAMS 0x0000000084700000, 0x0000000084600000| Untracked 
|  71|0x0000000084700000, 0x0000000084800000, 0x0000000084800000|100%| O|  |TAMS 0x0000000084800000, 0x0000000084700000| Untracked 
|  72|0x0000000084800000, 0x0000000084900000, 0x0000000084900000|100%| O|  |TAMS 0x0000000084900000, 0x0000000084800000| Untracked 
|  73|0x0000000084900000, 0x0000000084a00000, 0x0000000084a00000|100%| O|  |TAMS 0x0000000084a00000, 0x0000000084900000| Untracked 
|  74|0x0000000084a00000, 0x0000000084b00000, 0x0000000084b00000|100%| O|  |TAMS 0x0000000084b00000, 0x0000000084a00000| Untracked 
|  75|0x0000000084b00000, 0x0000000084c00000, 0x0000000084c00000|100%| O|  |TAMS 0x0000000084c00000, 0x0000000084b00000| Untracked 
|  76|0x0000000084c00000, 0x0000000084d00000, 0x0000000084d00000|100%| O|  |TAMS 0x0000000084d00000, 0x0000000084c00000| Untracked 
|  77|0x0000000084d00000, 0x0000000084e00000, 0x0000000084e00000|100%|HS|  |TAMS 0x0000000084e00000, 0x0000000084d00000| Complete 
|  78|0x0000000084e00000, 0x0000000084f00000, 0x0000000084f00000|100%|HC|  |TAMS 0x0000000084f00000, 0x0000000084e00000| Complete 
|  79|0x0000000084f00000, 0x0000000085000000, 0x0000000085000000|100%|HS|  |TAMS 0x0000000085000000, 0x0000000084f00000| Complete 
|  80|0x0000000085000000, 0x0000000085100000, 0x0000000085100000|100%|HC|  |TAMS 0x0000000085100000, 0x0000000085000000| Complete 
|  81|0x0000000085100000, 0x0000000085200000, 0x0000000085200000|100%|HC|  |TAMS 0x0000000085200000, 0x0000000085100000| Complete 
|  82|0x0000000085200000, 0x0000000085300000, 0x0000000085300000|100%|HS|  |TAMS 0x0000000085300000, 0x0000000085200000| Complete 
|  83|0x0000000085300000, 0x0000000085400000, 0x0000000085400000|100%|HC|  |TAMS 0x0000000085400000, 0x0000000085300000| Complete 
|  84|0x0000000085400000, 0x0000000085500000, 0x0000000085500000|100%|HC|  |TAMS 0x0000000085500000, 0x0000000085400000| Complete 
|  85|0x0000000085500000, 0x0000000085600000, 0x0000000085600000|100%|HC|  |TAMS 0x0000000085600000, 0x0000000085500000| Complete 
|  86|0x0000000085600000, 0x0000000085700000, 0x0000000085700000|100%| O|  |TAMS 0x0000000085700000, 0x0000000085600000| Untracked 
|  87|0x0000000085700000, 0x0000000085800000, 0x0000000085800000|100%| O|  |TAMS 0x0000000085800000, 0x0000000085700000| Untracked 
|  88|0x0000000085800000, 0x0000000085900000, 0x0000000085900000|100%| O|  |TAMS 0x0000000085900000, 0x0000000085800000| Untracked 
|  89|0x0000000085900000, 0x0000000085a00000, 0x0000000085a00000|100%| O|  |TAMS 0x0000000085a00000, 0x0000000085900000| Untracked 
|  90|0x0000000085a00000, 0x0000000085b00000, 0x0000000085b00000|100%| O|  |TAMS 0x0000000085b00000, 0x0000000085a00000| Untracked 
|  91|0x0000000085b00000, 0x0000000085c00000, 0x0000000085c00000|100%| O|  |TAMS 0x0000000085c00000, 0x0000000085b00000| Untracked 
|  92|0x0000000085c00000, 0x0000000085c00000, 0x0000000085d00000|  0%| F|  |TAMS 0x0000000085c00000, 0x0000000085c00000| Untracked 
|  93|0x0000000085d00000, 0x0000000085e00000, 0x0000000085e00000|100%| O|  |TAMS 0x0000000085e00000, 0x0000000085d00000| Untracked 
|  94|0x0000000085e00000, 0x0000000085f00000, 0x0000000085f00000|100%| O|  |TAMS 0x0000000085f00000, 0x0000000085e00000| Untracked 
|  95|0x0000000085f00000, 0x0000000086000000, 0x0000000086000000|100%| O|  |TAMS 0x0000000086000000, 0x0000000085f00000| Untracked 
|  96|0x0000000086000000, 0x0000000086100000, 0x0000000086100000|100%| O|  |TAMS 0x0000000086100000, 0x0000000086000000| Untracked 
|  97|0x0000000086100000, 0x0000000086200000, 0x0000000086200000|100%| O|  |TAMS 0x0000000086200000, 0x0000000086100000| Untracked 
|  98|0x0000000086200000, 0x0000000086300000, 0x0000000086300000|100%| O|  |TAMS 0x0000000086300000, 0x0000000086200000| Untracked 
|  99|0x0000000086300000, 0x0000000086400000, 0x0000000086400000|100%| O|  |TAMS 0x0000000086400000, 0x0000000086300000| Untracked 
| 100|0x0000000086400000, 0x0000000086500000, 0x0000000086500000|100%| O|  |TAMS 0x0000000086500000, 0x0000000086400000| Untracked 
| 101|0x0000000086500000, 0x0000000086600000, 0x0000000086600000|100%| O|  |TAMS 0x0000000086600000, 0x0000000086500000| Untracked 
| 102|0x0000000086600000, 0x0000000086700000, 0x0000000086700000|100%| O|  |TAMS 0x0000000086700000, 0x0000000086600000| Untracked 
| 103|0x0000000086700000, 0x0000000086800000, 0x0000000086800000|100%| O|  |TAMS 0x0000000086800000, 0x0000000086700000| Untracked 
| 104|0x0000000086800000, 0x0000000086900000, 0x0000000086900000|100%| O|  |TAMS 0x0000000086900000, 0x0000000086800000| Untracked 
| 105|0x0000000086900000, 0x0000000086a00000, 0x0000000086a00000|100%| O|  |TAMS 0x0000000086900000, 0x0000000086900000| Untracked 
| 106|0x0000000086a00000, 0x0000000086b00000, 0x0000000086b00000|100%| O|  |TAMS 0x0000000086b00000, 0x0000000086a00000| Untracked 
| 107|0x0000000086b00000, 0x0000000086c00000, 0x0000000086c00000|100%| O|  |TAMS 0x0000000086c00000, 0x0000000086b00000| Untracked 
| 108|0x0000000086c00000, 0x0000000086d00000, 0x0000000086d00000|100%| O|  |TAMS 0x0000000086d00000, 0x0000000086c00000| Untracked 
| 109|0x0000000086d00000, 0x0000000086e00000, 0x0000000086e00000|100%| O|  |TAMS 0x0000000086e00000, 0x0000000086d00000| Untracked 
| 110|0x0000000086e00000, 0x0000000086f00000, 0x0000000086f00000|100%| O|  |TAMS 0x0000000086f00000, 0x0000000086e00000| Untracked 
| 111|0x0000000086f00000, 0x0000000087000000, 0x0000000087000000|100%| O|  |TAMS 0x0000000087000000, 0x0000000086f00000| Untracked 
| 112|0x0000000087000000, 0x0000000087100000, 0x0000000087100000|100%| O|  |TAMS 0x0000000087000000, 0x0000000087000000| Untracked 
| 113|0x0000000087100000, 0x0000000087200000, 0x0000000087200000|100%| O|  |TAMS 0x0000000087100000, 0x0000000087100000| Untracked 
| 114|0x0000000087200000, 0x0000000087273e00, 0x0000000087300000| 45%| O|  |TAMS 0x0000000087200000, 0x0000000087200000| Untracked 
| 115|0x0000000087300000, 0x0000000087300000, 0x0000000087400000|  0%| F|  |TAMS 0x0000000087300000, 0x0000000087300000| Untracked 
| 116|0x0000000087400000, 0x0000000087400000, 0x0000000087500000|  0%| F|  |TAMS 0x0000000087400000, 0x0000000087400000| Untracked 
| 117|0x0000000087500000, 0x0000000087500000, 0x0000000087600000|  0%| F|  |TAMS 0x0000000087500000, 0x0000000087500000| Untracked 
| 118|0x0000000087600000, 0x0000000087600000, 0x0000000087700000|  0%| F|  |TAMS 0x0000000087600000, 0x0000000087600000| Untracked 
| 119|0x0000000087700000, 0x0000000087700000, 0x0000000087800000|  0%| F|  |TAMS 0x0000000087700000, 0x0000000087700000| Untracked 
| 120|0x0000000087800000, 0x0000000087800000, 0x0000000087900000|  0%| F|  |TAMS 0x0000000087800000, 0x0000000087800000| Untracked 
| 121|0x0000000087900000, 0x0000000087900000, 0x0000000087a00000|  0%| F|  |TAMS 0x0000000087900000, 0x0000000087900000| Untracked 
| 122|0x0000000087a00000, 0x0000000087a00000, 0x0000000087b00000|  0%| F|  |TAMS 0x0000000087a00000, 0x0000000087a00000| Untracked 
| 123|0x0000000087b00000, 0x0000000087b00000, 0x0000000087c00000|  0%| F|  |TAMS 0x0000000087b00000, 0x0000000087b00000| Untracked 
| 124|0x0000000087c00000, 0x0000000087c00000, 0x0000000087d00000|  0%| F|  |TAMS 0x0000000087c00000, 0x0000000087c00000| Untracked 
| 125|0x0000000087d00000, 0x0000000087d00000, 0x0000000087e00000|  0%| F|  |TAMS 0x0000000087d00000, 0x0000000087d00000| Untracked 
| 126|0x0000000087e00000, 0x0000000087e00000, 0x0000000087f00000|  0%| F|  |TAMS 0x0000000087e00000, 0x0000000087e00000| Untracked 
| 127|0x0000000087f00000, 0x0000000087f00000, 0x0000000088000000|  0%| F|  |TAMS 0x0000000087f00000, 0x0000000087f00000| Untracked 
| 128|0x0000000088000000, 0x0000000088000000, 0x0000000088100000|  0%| F|  |TAMS 0x0000000088000000, 0x0000000088000000| Untracked 
| 129|0x0000000088100000, 0x0000000088100000, 0x0000000088200000|  0%| F|  |TAMS 0x0000000088100000, 0x0000000088100000| Untracked 
| 130|0x0000000088200000, 0x0000000088200000, 0x0000000088300000|  0%| F|  |TAMS 0x0000000088200000, 0x0000000088200000| Untracked 
| 131|0x0000000088300000, 0x0000000088300000, 0x0000000088400000|  0%| F|  |TAMS 0x0000000088300000, 0x0000000088300000| Untracked 
| 132|0x0000000088400000, 0x0000000088400000, 0x0000000088500000|  0%| F|  |TAMS 0x0000000088400000, 0x0000000088400000| Untracked 
| 133|0x0000000088500000, 0x0000000088500000, 0x0000000088600000|  0%| F|  |TAMS 0x0000000088500000, 0x0000000088500000| Untracked 
| 134|0x0000000088600000, 0x0000000088600000, 0x0000000088700000|  0%| F|  |TAMS 0x0000000088600000, 0x0000000088600000| Untracked 
| 135|0x0000000088700000, 0x0000000088700000, 0x0000000088800000|  0%| F|  |TAMS 0x0000000088700000, 0x0000000088700000| Untracked 
| 136|0x0000000088800000, 0x0000000088800000, 0x0000000088900000|  0%| F|  |TAMS 0x0000000088800000, 0x0000000088800000| Untracked 
| 137|0x0000000088900000, 0x0000000088900000, 0x0000000088a00000|  0%| F|  |TAMS 0x0000000088900000, 0x0000000088900000| Untracked 
| 138|0x0000000088a00000, 0x0000000088a00000, 0x0000000088b00000|  0%| F|  |TAMS 0x0000000088a00000, 0x0000000088a00000| Untracked 
| 139|0x0000000088b00000, 0x0000000088b00000, 0x0000000088c00000|  0%| F|  |TAMS 0x0000000088b00000, 0x0000000088b00000| Untracked 
| 140|0x0000000088c00000, 0x0000000088c00000, 0x0000000088d00000|  0%| F|  |TAMS 0x0000000088c00000, 0x0000000088c00000| Untracked 
| 141|0x0000000088d00000, 0x0000000088d00000, 0x0000000088e00000|  0%| F|  |TAMS 0x0000000088d00000, 0x0000000088d00000| Untracked 
| 142|0x0000000088e00000, 0x0000000088e00000, 0x0000000088f00000|  0%| F|  |TAMS 0x0000000088e00000, 0x0000000088e00000| Untracked 
| 143|0x0000000088f00000, 0x0000000088f487b0, 0x0000000089000000| 28%| E|  |TAMS 0x0000000088f00000, 0x0000000088f00000| Complete 
| 144|0x0000000089000000, 0x0000000089100000, 0x0000000089100000|100%| E|CS|TAMS 0x0000000089000000, 0x0000000089000000| Complete 
| 145|0x0000000089100000, 0x0000000089200000, 0x0000000089200000|100%| E|CS|TAMS 0x0000000089100000, 0x0000000089100000| Complete 
| 146|0x0000000089200000, 0x0000000089300000, 0x0000000089300000|100%| E|CS|TAMS 0x0000000089200000, 0x0000000089200000| Complete 
| 147|0x0000000089300000, 0x00000000893a9d68, 0x0000000089400000| 66%| S|CS|TAMS 0x0000000089300000, 0x0000000089300000| Complete 
| 148|0x0000000089400000, 0x0000000089500000, 0x0000000089500000|100%| E|CS|TAMS 0x0000000089400000, 0x0000000089400000| Complete 
| 149|0x0000000089500000, 0x0000000089600000, 0x0000000089600000|100%| E|CS|TAMS 0x0000000089500000, 0x0000000089500000| Complete 
| 150|0x0000000089600000, 0x0000000089700000, 0x0000000089700000|100%| E|CS|TAMS 0x0000000089600000, 0x0000000089600000| Complete 
| 151|0x0000000089700000, 0x0000000089800000, 0x0000000089800000|100%| E|CS|TAMS 0x0000000089700000, 0x0000000089700000| Complete 

Card table byte_map: [0x0000020172cd0000,0x00000201730d0000] _byte_map_base: 0x00000201728d0000

Marking Bits (Prev, Next): (CMBitMap*) 0x000002015dbdd568, (CMBitMap*) 0x000002015dbdd5a0
 Prev Bits: [0x00000201734d0000, 0x00000201754d0000)
 Next Bits: [0x00000201754d0000, 0x00000201774d0000)

Polling page: 0x000002015dc70000

Metaspace:

Usage:
  Non-class:     83.46 MB capacity,    81.88 MB ( 98%) used,     1.31 MB (  2%) free+waste,   271.44 KB ( <1%) overhead. 
      Class:     12.97 MB capacity,    12.06 MB ( 93%) used,   810.12 KB (  6%) free+waste,   126.31 KB ( <1%) overhead. 
       Both:     96.43 MB capacity,    93.94 MB ( 97%) used,     2.10 MB (  2%) free+waste,   397.75 KB ( <1%) overhead. 

Virtual space:
  Non-class space:       84.00 MB reserved,      83.67 MB (>99%) committed 
      Class space:        1.00 GB reserved,      13.02 MB (  1%) committed 
             Both:        1.08 GB reserved,      96.70 MB (  9%) committed 

Chunk freelists:
   Non-Class:  20.00 KB
       Class:  26.00 KB
        Both:  46.00 KB

MaxMetaspaceSize: 17179869184.00 GB
CompressedClassSpaceSize: 1.00 GB

CodeHeap 'non-profiled nmethods': size=120000Kb used=5579Kb max_used=5579Kb free=114420Kb
 bounds [0x000002016a930000, 0x000002016aeb0000, 0x0000020171e60000]
CodeHeap 'profiled nmethods': size=120000Kb used=23489Kb max_used=23489Kb free=96510Kb
 bounds [0x0000020163400000, 0x0000020164b00000, 0x000002016a930000]
CodeHeap 'non-nmethods': size=5760Kb used=2322Kb max_used=2380Kb free=3438Kb
 bounds [0x0000020162e60000, 0x00000201630d0000, 0x0000020163400000]
 total_blobs=11734 nmethods=10806 adapters=837
 compilation: enabled
              stopped_count=0, restarted_count=0
 full_count=0

Compilation events (20 events):
Event: 35.263 Thread 0x000002017a8e9000 10968       3       java.security.Provider::putPropertyStrings (209 bytes)
Event: 35.270 Thread 0x000002017a8e9000 nmethod 10968 0x0000020164ac7c90 code [0x0000020164ac8200, 0x0000020164acae58]
Event: 35.270 Thread 0x000002017a8e9000 10967       3       java.security.Provider::getEngineName (49 bytes)
Event: 35.271 Thread 0x000002017a8e9000 nmethod 10967 0x0000020164acbc90 code [0x0000020164acbf00, 0x0000020164acc9f8]
Event: 35.271 Thread 0x000002017a8e9000 10969       3       java.util.regex.Pattern$SliceNode::<init> (10 bytes)
Event: 35.271 Thread 0x000002017a8e9000 nmethod 10969 0x0000020164accd10 code [0x0000020164accee0, 0x0000020164acd158]
Event: 35.272 Thread 0x000002017a8e9000 10970       3       java.io.BufferedReader::ensureOpen (18 bytes)
Event: 35.272 Thread 0x000002017a8e9000 nmethod 10970 0x0000020164acd210 code [0x0000020164acd3e0, 0x0000020164acd5e8]
Event: 35.274 Thread 0x000002017a8e9000 10971       3       java.nio.HeapByteBuffer::put (175 bytes)
Event: 35.276 Thread 0x000002017a8e9000 nmethod 10971 0x0000020164acd690 code [0x0000020164acd960, 0x0000020164ace878]
Event: 35.276 Thread 0x000002017a8e9000 10972       3       java.io.StreamTokenizer::read (38 bytes)
Event: 35.278 Thread 0x000002017a8e9000 nmethod 10972 0x0000020164acec90 code [0x0000020164acee80, 0x0000020164acf248]
Event: 35.278 Thread 0x000002017a8e9000 10973   !   3       java.io.BufferedReader::read (104 bytes)
Event: 35.281 Thread 0x000002017a8e9000 nmethod 10973 0x0000020164acf390 code [0x0000020164acf5a0, 0x0000020164acfc18]
Event: 35.285 Thread 0x000002017a8e9000 10975   !   3       java.security.Provider::getService (128 bytes)
Event: 35.286 Thread 0x000002017a8e9000 nmethod 10975 0x0000020164acff90 code [0x0000020164ad0200, 0x0000020164ad0f28]
Event: 35.286 Thread 0x000002017a8e9000 10976       3       java.security.Provider$ServiceKey::matches (22 bytes)
Event: 35.287 Thread 0x000002017a8e9000 nmethod 10976 0x0000020164ad1310 code [0x0000020164ad14c0, 0x0000020164ad1658]
Event: 35.291 Thread 0x000002017a8e9000 10977       3       sun.security.ssl.CipherSuite::<init> (107 bytes)
Event: 35.293 Thread 0x000002017a8e9000 nmethod 10977 0x0000020164ad1710 code [0x0000020164ad19c0, 0x0000020164ad2988]

GC Heap History (20 events):
Event: 29.132 GC heap before
{Heap before GC invocations=28 (full 0):
 garbage-first heap   total 155648K, used 132608K [0x0000000080000000, 0x0000000100000000)
  region size 1024K, 31 young (31744K), 2 survivors (2048K)
 Metaspace       used 86579K, capacity 88781K, committed 89032K, reserved 1126400K
  class space    used 11183K, capacity 11934K, committed 12056K, reserved 1048576K
}
Event: 29.145 GC heap after
{Heap after GC invocations=29 (full 0):
 garbage-first heap   total 155648K, used 105390K [0x0000000080000000, 0x0000000100000000)
  region size 1024K, 4 young (4096K), 4 survivors (4096K)
 Metaspace       used 86579K, capacity 88781K, committed 89032K, reserved 1126400K
  class space    used 11183K, capacity 11934K, committed 12056K, reserved 1048576K
}
Event: 30.051 GC heap before
{Heap before GC invocations=30 (full 0):
 garbage-first heap   total 155648K, used 132014K [0x0000000080000000, 0x0000000100000000)
  region size 1024K, 31 young (31744K), 4 survivors (4096K)
 Metaspace       used 87908K, capacity 90323K, committed 90568K, reserved 1128448K
  class space    used 11421K, capacity 12251K, committed 12312K, reserved 1048576K
}
Event: 30.060 GC heap after
{Heap after GC invocations=31 (full 0):
 garbage-first heap   total 155648K, used 108675K [0x0000000080000000, 0x0000000100000000)
  region size 1024K, 4 young (4096K), 4 survivors (4096K)
 Metaspace       used 87908K, capacity 90323K, committed 90568K, reserved 1128448K
  class space    used 11421K, capacity 12251K, committed 12312K, reserved 1048576K
}
Event: 30.406 GC heap before
{Heap before GC invocations=31 (full 0):
 garbage-first heap   total 155648K, used 131203K [0x0000000080000000, 0x0000000100000000)
  region size 1024K, 27 young (27648K), 4 survivors (4096K)
 Metaspace       used 88064K, capacity 90464K, committed 90568K, reserved 1128448K
  class space    used 11423K, capacity 12253K, committed 12312K, reserved 1048576K
}
Event: 30.412 GC heap after
{Heap after GC invocations=32 (full 0):
 garbage-first heap   total 155648K, used 110093K [0x0000000080000000, 0x0000000100000000)
  region size 1024K, 2 young (2048K), 2 survivors (2048K)
 Metaspace       used 88064K, capacity 90464K, committed 90568K, reserved 1128448K
  class space    used 11423K, capacity 12253K, committed 12312K, reserved 1048576K
}
Event: 31.066 GC heap before
{Heap before GC invocations=33 (full 0):
 garbage-first heap   total 155648K, used 131597K [0x0000000080000000, 0x0000000100000000)
  region size 1024K, 24 young (24576K), 2 survivors (2048K)
 Metaspace       used 88659K, capacity 91116K, committed 91464K, reserved 1128448K
  class space    used 11479K, capacity 12334K, committed 12440K, reserved 1048576K
}
Event: 31.071 GC heap after
{Heap after GC invocations=34 (full 0):
 garbage-first heap   total 155648K, used 111277K [0x0000000080000000, 0x0000000100000000)
  region size 1024K, 3 young (3072K), 3 survivors (3072K)
 Metaspace       used 88659K, capacity 91116K, committed 91464K, reserved 1128448K
  class space    used 11479K, capacity 12334K, committed 12440K, reserved 1048576K
}
Event: 32.193 GC heap before
{Heap before GC invocations=34 (full 0):
 garbage-first heap   total 155648K, used 132781K [0x0000000080000000, 0x0000000100000000)
  region size 1024K, 25 young (25600K), 3 survivors (3072K)
 Metaspace       used 89489K, capacity 91984K, committed 92232K, reserved 1128448K
  class space    used 11545K, capacity 12422K, committed 12440K, reserved 1048576K
}
Event: 32.205 GC heap after
{Heap after GC invocations=35 (full 0):
 garbage-first heap   total 155648K, used 113682K [0x0000000080000000, 0x0000000100000000)
  region size 1024K, 4 young (4096K), 4 survivors (4096K)
 Metaspace       used 89489K, capacity 91984K, committed 92232K, reserved 1128448K
  class space    used 11545K, capacity 12422K, committed 12440K, reserved 1048576K
}
Event: 33.075 GC heap before
{Heap before GC invocations=36 (full 0):
 garbage-first heap   total 155648K, used 133138K [0x0000000080000000, 0x0000000100000000)
  region size 1024K, 23 young (23552K), 4 survivors (4096K)
 Metaspace       used 92550K, capacity 95031K, committed 95304K, reserved 1132544K
  class space    used 11938K, capacity 12848K, committed 12952K, reserved 1048576K
}
Event: 33.087 GC heap after
{Heap after GC invocations=37 (full 0):
 garbage-first heap   total 155648K, used 114593K [0x0000000080000000, 0x0000000100000000)
  region size 1024K, 2 young (2048K), 2 survivors (2048K)
 Metaspace       used 92550K, capacity 95031K, committed 95304K, reserved 1132544K
  class space    used 11938K, capacity 12848K, committed 12952K, reserved 1048576K
}
Event: 33.179 GC heap before
{Heap before GC invocations=37 (full 0):
 garbage-first heap   total 155648K, used 119713K [0x0000000080000000, 0x0000000100000000)
  region size 1024K, 7 young (7168K), 2 survivors (2048K)
 Metaspace       used 92627K, capacity 95110K, committed 95304K, reserved 1132544K
  class space    used 11938K, capacity 12848K, committed 12952K, reserved 1048576K
}
Event: 33.184 GC heap after
{Heap after GC invocations=38 (full 0):
 garbage-first heap   total 155648K, used 114329K [0x0000000080000000, 0x0000000100000000)
  region size 1024K, 1 young (1024K), 1 survivors (1024K)
 Metaspace       used 92627K, capacity 95110K, committed 95304K, reserved 1132544K
  class space    used 11938K, capacity 12848K, committed 12952K, reserved 1048576K
}
Event: 34.170 GC heap before
{Heap before GC invocations=38 (full 0):
 garbage-first heap   total 155648K, used 132761K [0x0000000080000000, 0x0000000100000000)
  region size 1024K, 19 young (19456K), 1 survivors (1024K)
 Metaspace       used 94498K, capacity 96982K, committed 97224K, reserved 1134592K
  class space    used 12135K, capacity 13041K, committed 13080K, reserved 1048576K
}
Event: 34.177 GC heap after
{Heap after GC invocations=39 (full 0):
 garbage-first heap   total 155648K, used 114998K [0x0000000080000000, 0x0000000100000000)
  region size 1024K, 2 young (2048K), 2 survivors (2048K)
 Metaspace       used 94498K, capacity 96982K, committed 97224K, reserved 1134592K
  class space    used 12135K, capacity 13041K, committed 13080K, reserved 1048576K
}
Event: 34.948 GC heap before
{Heap before GC invocations=40 (full 0):
 garbage-first heap   total 155648K, used 133430K [0x0000000080000000, 0x0000000100000000)
  region size 1024K, 20 young (20480K), 2 survivors (2048K)
 Metaspace       used 95029K, capacity 97551K, committed 97864K, reserved 1134592K
  class space    used 12199K, capacity 13144K, committed 13208K, reserved 1048576K
}
Event: 34.955 GC heap after
{Heap after GC invocations=41 (full 0):
 garbage-first heap   total 155648K, used 116144K [0x0000000080000000, 0x0000000100000000)
  region size 1024K, 3 young (3072K), 3 survivors (3072K)
 Metaspace       used 95029K, capacity 97551K, committed 97864K, reserved 1134592K
  class space    used 12199K, capacity 13144K, committed 13208K, reserved 1048576K
}
Event: 35.096 GC heap before
{Heap before GC invocations=41 (full 0):
 garbage-first heap   total 155648K, used 120240K [0x0000000080000000, 0x0000000100000000)
  region size 1024K, 7 young (7168K), 3 survivors (3072K)
 Metaspace       used 95114K, capacity 97643K, committed 97864K, reserved 1134592K
  class space    used 12210K, capacity 13153K, committed 13208K, reserved 1048576K
}
Event: 35.105 GC heap after
{Heap after GC invocations=42 (full 0):
 garbage-first heap   total 155648K, used 115830K [0x0000000080000000, 0x0000000100000000)
  region size 1024K, 1 young (1024K), 1 survivors (1024K)
 Metaspace       used 95114K, capacity 97643K, committed 97864K, reserved 1134592K
  class space    used 12210K, capacity 13153K, committed 13208K, reserved 1048576K
}

Deoptimization events (20 events):
Event: 35.088 Thread 0x000002017d8d5800 DEOPT PACKING pc=0x000002016ac77a80 sp=0x000000876d4fa3f0
Event: 35.088 Thread 0x000002017d8d5800 DEOPT UNPACKING pc=0x0000020162e8662f sp=0x000000876d4fa3d8 mode 2
Event: 35.112 Thread 0x000002017d8d5800 DEOPT PACKING pc=0x0000020164ab60bc sp=0x000000876d4fa110
Event: 35.112 Thread 0x000002017d8d5800 DEOPT UNPACKING pc=0x0000020162e86dde sp=0x000000876d4f9600 mode 0
Event: 35.113 Thread 0x000002017d8d5800 DEOPT PACKING pc=0x0000020164ab4e0c sp=0x000000876d4fa380
Event: 35.113 Thread 0x000002017d8d5800 DEOPT UNPACKING pc=0x0000020162e86dde sp=0x000000876d4f98c0 mode 0
Event: 35.126 Thread 0x000002017d8d5800 Uncommon trap: trap_request=0xffffff4d fr.pc=0x000002016aacf89c relative=0x000000000000007c
Event: 35.126 Thread 0x000002017d8d5800 Uncommon trap: reason=unstable_if action=reinterpret pc=0x000002016aacf89c method=java.util.HashMap$HashMapSpliterator.getFence()I @ 37 c2
Event: 35.126 Thread 0x000002017d8d5800 DEOPT PACKING pc=0x000002016aacf89c sp=0x000000876d4fa090
Event: 35.126 Thread 0x000002017d8d5800 DEOPT UNPACKING pc=0x0000020162e8662f sp=0x000000876d4fa008 mode 2
Event: 35.275 Thread 0x000002017d8d5800 Uncommon trap: trap_request=0xffffff4d fr.pc=0x000002016ad3b92c relative=0x000000000000566c
Event: 35.275 Thread 0x000002017d8d5800 Uncommon trap: reason=unstable_if action=reinterpret pc=0x000002016ad3b92c method=java.net.URL.toLowerCase(Ljava/lang/String;)Ljava/lang/String; @ 24 c2
Event: 35.275 Thread 0x000002017d8d5800 DEOPT PACKING pc=0x000002016ad3b92c sp=0x000000876d4f6550
Event: 35.275 Thread 0x000002017d8d5800 DEOPT UNPACKING pc=0x0000020162e8662f sp=0x000000876d4f64c0 mode 2
Event: 35.278 Thread 0x000002017d8d5800 DEOPT PACKING pc=0x00000201634c36e4 sp=0x000000876d4f64a0
Event: 35.278 Thread 0x000002017d8d5800 DEOPT UNPACKING pc=0x0000020162e86dde sp=0x000000876d4f5970 mode 0
Event: 35.281 Thread 0x000002017d8d5800 Uncommon trap: trap_request=0xffffff4d fr.pc=0x000002016aaeb77c relative=0x00000000000009bc
Event: 35.281 Thread 0x000002017d8d5800 Uncommon trap: reason=unstable_if action=reinterpret pc=0x000002016aaeb77c method=sun.net.util.IPAddressUtil.scan(Ljava/lang/String;JJ[C)I @ 14 c2
Event: 35.281 Thread 0x000002017d8d5800 DEOPT PACKING pc=0x000002016aaeb77c sp=0x000000876d4f6120
Event: 35.281 Thread 0x000002017d8d5800 DEOPT UNPACKING pc=0x0000020162e8662f sp=0x000000876d4f5fa0 mode 2

Classes redefined (0 events):
No events

Internal exceptions (20 events):
Event: 29.780 Thread 0x000002017d8d5800 Exception <a 'java/lang/IncompatibleClassChangeError'{0x0000000088ebe828}: Found class java.lang.Object, but interface was expected> (0x0000000088ebe828) thrown at [./src/hotspot/share/interpreter/linkResolver.cpp, line 839]
Event: 29.780 Thread 0x000002017b0c5000 Exception <a 'java/lang/IncompatibleClassChangeError'{0x0000000088f56320}: Found class java.lang.Object, but interface was expected> (0x0000000088f56320) thrown at [./src/hotspot/share/interpreter/linkResolver.cpp, line 839]
Event: 29.809 Thread 0x000002017b0c5000 Exception <a 'java/lang/NoSuchMethodError'{0x0000000088d90438}: 'java.lang.Object java.lang.invoke.DirectMethodHandle$Holder.invokeSpecialIFC(java.lang.Object, java.lang.Object, java.lang.Object)'> (0x0000000088d90438) thrown at [./src/hotspot/share/interpreter/linkResolver.cpp, line 773]
Event: 29.860 Thread 0x000002017b0c5000 Exception <a 'java/lang/IncompatibleClassChangeError'{0x0000000088bbbfc8}: Found class java.lang.Object, but interface was expected> (0x0000000088bbbfc8) thrown at [./src/hotspot/share/interpreter/linkResolver.cpp, line 839]
Event: 29.860 Thread 0x000002017b0c9000 Exception <a 'java/lang/IncompatibleClassChangeError'{0x0000000088ba9c58}: Found class java.lang.Object, but interface was expected> (0x0000000088ba9c58) thrown at [./src/hotspot/share/interpreter/linkResolver.cpp, line 839]
Event: 29.860 Thread 0x000002017b0c8800 Exception <a 'java/lang/IncompatibleClassChangeError'{0x0000000088c1e5d8}: Found class java.lang.Object, but interface was expected> (0x0000000088c1e5d8) thrown at [./src/hotspot/share/interpreter/linkResolver.cpp, line 839]
Event: 29.860 Thread 0x000002017b0c6000 Exception <a 'java/lang/IncompatibleClassChangeError'{0x0000000088bae970}: Found class java.lang.Object, but interface was expected> (0x0000000088bae970) thrown at [./src/hotspot/share/interpreter/linkResolver.cpp, line 839]
Event: 29.860 Thread 0x000002017b0cb000 Exception <a 'java/lang/IncompatibleClassChangeError'{0x0000000088bf7538}: Found class java.lang.Object, but interface was expected> (0x0000000088bf7538) thrown at [./src/hotspot/share/interpreter/linkResolver.cpp, line 839]
Event: 29.899 Thread 0x000002017b0c5000 Exception <a 'java/lang/NoSuchMethodError'{0x00000000887187d0}: 'int java.lang.invoke.DirectMethodHandle$Holder.invokeStaticInit(java.lang.Object, java.lang.Object, java.lang.Object, java.lang.Object, java.lang.Object)'> (0x00000000887187d0) thrown at [./src/hotspot/share/interpreter/linkResolver.cpp, line 773]
Event: 31.182 Thread 0x000002017d8d5800 Exception <a 'java/lang/NoSuchMethodError'{0x00000000893953f0}: 'void java.lang.invoke.DirectMethodHandle$Holder.invokeSpecial(java.lang.Object, java.lang.Object, java.lang.Object, java.lang.Object, int, java.lang.Object, java.lang.Object)'> (0x00000000893953f0) thrown at [./src/hotspot/share/interpreter/linkResolver.cpp, line 773]
Event: 31.468 Thread 0x000002017b58d800 Exception <a 'java/lang/NoSuchMethodError'{0x0000000088d557e8}: 'void java.lang.invoke.DirectMethodHandle$Holder.invokeVirtual(java.lang.Object, java.lang.Object)'> (0x0000000088d557e8) thrown at [./src/hotspot/share/interpreter/linkResolver.cpp, line 773]
Event: 32.006 Thread 0x000002017d8d5800 Exception <a 'java/lang/NoSuchMethodError'{0x00000000885a6038}: 'int java.lang.invoke.DirectMethodHandle$Holder.invokeSpecialIFC(java.lang.Object, java.lang.Object, java.lang.Object)'> (0x00000000885a6038) thrown at [./src/hotspot/share/interpreter/linkResolver.cpp, line 773]
Event: 32.251 Thread 0x000002017d8d5800 Exception <a 'java/lang/NoSuchMethodError'{0x000000008969d7f0}: 'void java.lang.invoke.DirectMethodHandle$Holder.invokeStatic(java.lang.Object, int, java.lang.Object)'> (0x000000008969d7f0) thrown at [./src/hotspot/share/interpreter/linkResolver.cpp, line 773]
Event: 32.801 Thread 0x000002017d8d5800 Exception <a 'java/lang/NoSuchMethodError'{0x0000000088db7a18}: 'java.lang.Object java.lang.invoke.DirectMethodHandle$Holder.invokeStaticInit(java.lang.Object, java.lang.Object, java.lang.Object, java.lang.Object, java.lang.Object, java.lang.Object, java.lang.Object, java.lang.Object, java.lang.Object, java.lang.Object, java.lang.Object, java.lang.Object, java.lang.Object, java.lang.Object, java.lang.Object, java.lang.Object, java.lang.Object, java.lang.Object, int, java.lang.Object, java.lang.Object)'> (0
Event: 32.891 Thread 0x000002017d8d5800 Exception <a 'java/lang/NoSuchMethodError'{0x0000000088be11e8}: 'int java.lang.invoke.DirectMethodHandle$Holder.invokeVirtual(java.lang.Object, java.lang.Object, java.lang.Object, java.lang.Object)'> (0x0000000088be11e8) thrown at [./src/hotspot/share/interpreter/linkResolver.cpp, line 773]
Event: 32.990 Thread 0x000002017d8d5800 Exception <a 'java/lang/NoSuchMethodError'{0x00000000888530a0}: 'java.lang.Object java.lang.invoke.DirectMethodHandle$Holder.invokeStatic(java.lang.Object, int, java.lang.Object, java.lang.Object)'> (0x00000000888530a0) thrown at [./src/hotspot/share/interpreter/linkResolver.cpp, line 773]
Event: 34.557 Thread 0x000002017d8d5800 Implicit null exception at 0x000002016adb3c2c to 0x000002016adb3c6b
Event: 35.088 Thread 0x000002017d8d5800 Implicit null exception at 0x000002016ac77494 to 0x000002016ac77a68
Event: 35.126 Thread 0x000002017d8d5800 Implicit null exception at 0x000002016aacf86b to 0x000002016aacf88c
Event: 35.264 Thread 0x000002017d8d5800 Exception <a 'sun/nio/fs/WindowsException'{0x00000000894f20a8}> (0x00000000894f20a8) thrown at [./src/hotspot/share/prims/jni.cpp, line 615]

Events (20 events):
Event: 35.294 loading class sun/security/ssl/JsseJce$EcAvailability
Event: 35.294 loading class sun/security/ssl/JsseJce$EcAvailability done
Event: 35.296 loading class java/security/InvalidKeyException
Event: 35.296 loading class java/security/KeyException
Event: 35.296 loading class java/security/KeyException done
Event: 35.296 loading class java/security/InvalidKeyException done
Event: 35.296 loading class java/security/SignatureException
Event: 35.296 loading class java/security/SignatureException done
Event: 35.296 loading class java/security/InvalidAlgorithmParameterException
Event: 35.296 loading class java/security/InvalidAlgorithmParameterException done
Event: 35.298 loading class javax/crypto/KeyAgreement
Event: 35.298 loading class javax/crypto/KeyAgreement done
Event: 35.300 loading class java/security/spec/InvalidKeySpecException
Event: 35.300 loading class java/security/spec/InvalidKeySpecException done
Event: 35.301 loading class java/security/NoSuchProviderException
Event: 35.301 loading class java/security/NoSuchProviderException done
Event: 35.301 loading class java/security/KeyPairGenerator
Event: 35.301 loading class java/security/KeyPairGeneratorSpi
Event: 35.302 loading class java/security/KeyPairGeneratorSpi done
Event: 35.302 loading class java/security/KeyPairGenerator done


Dynamic libraries:
0x00007ff699c30000 - 0x00007ff699c3a000 	D:\AndroidStudio\jre\bin\java.exe
0x00007ffb25410000 - 0x00007ffb25622000 	C:\WINDOWS\SYSTEM32\ntdll.dll
0x00007ffb251c0000 - 0x00007ffb25282000 	C:\WINDOWS\System32\KERNEL32.DLL
0x00007ffb22a30000 - 0x00007ffb22dcb000 	C:\WINDOWS\System32\KERNELBASE.dll
0x00007ffb228e0000 - 0x00007ffb229f1000 	C:\WINDOWS\System32\ucrtbase.dll
0x00007ffb08ff0000 - 0x00007ffb09007000 	D:\AndroidStudio\jre\bin\VCRUNTIME140.dll
0x00007ffb07c40000 - 0x00007ffb07c59000 	D:\AndroidStudio\jre\bin\jli.dll
0x00007ffb23a40000 - 0x00007ffb23beb000 	C:\WINDOWS\System32\USER32.dll
0x00007ffb22a00000 - 0x00007ffb22a26000 	C:\WINDOWS\System32\win32u.dll
0x00007ffb0b480000 - 0x00007ffb0b70e000 	C:\WINDOWS\WinSxS\amd64_microsoft.windows.common-controls_6595b64144ccf1df_6.0.22598.1_none_5f058c2d9dc925ef\COMCTL32.dll
0x00007ffb240f0000 - 0x00007ffb24119000 	C:\WINDOWS\System32\GDI32.dll
0x00007ffb245f0000 - 0x00007ffb24695000 	C:\WINDOWS\System32\msvcrt.dll
0x00007ffb23110000 - 0x00007ffb23228000 	C:\WINDOWS\System32\gdi32full.dll
0x00007ffb23070000 - 0x00007ffb2310a000 	C:\WINDOWS\System32\msvcp_win.dll
0x00007ffb240b0000 - 0x00007ffb240e1000 	C:\WINDOWS\System32\IMM32.DLL
0x00007ffae15d0000 - 0x00007ffae166d000 	D:\AndroidStudio\jre\bin\msvcp140.dll
0x00007ffa8d440000 - 0x00007ffa8df15000 	D:\AndroidStudio\jre\bin\server\jvm.dll
0x00007ffb23ff0000 - 0x00007ffb2409e000 	C:\WINDOWS\System32\ADVAPI32.dll
0x00007ffb25320000 - 0x00007ffb253c4000 	C:\WINDOWS\System32\sechost.dll
0x00007ffb23290000 - 0x00007ffb233a5000 	C:\WINDOWS\System32\RPCRT4.dll
0x00007ffb25290000 - 0x00007ffb25298000 	C:\WINDOWS\System32\PSAPI.DLL
0x00007ffb020f0000 - 0x00007ffb020f9000 	C:\WINDOWS\SYSTEM32\WSOCK32.dll
0x00007ffb19e40000 - 0x00007ffb19e74000 	C:\WINDOWS\SYSTEM32\WINMM.dll
0x00007ffb19e30000 - 0x00007ffb19e3a000 	C:\WINDOWS\SYSTEM32\VERSION.dll
0x00007ffb252a0000 - 0x00007ffb25311000 	C:\WINDOWS\System32\WS2_32.dll
0x00007ffb218e0000 - 0x00007ffb218f8000 	C:\WINDOWS\SYSTEM32\kernel.appcore.dll
0x00007ffb00b80000 - 0x00007ffb00b91000 	D:\AndroidStudio\jre\bin\verify.dll
0x00007ffb0b820000 - 0x00007ffb0ba4e000 	C:\WINDOWS\SYSTEM32\DBGHELP.DLL
0x00007ffb23c60000 - 0x00007ffb23fe6000 	C:\WINDOWS\System32\combase.dll
0x00007ffb243c0000 - 0x00007ffb24497000 	C:\WINDOWS\System32\OLEAUT32.dll
0x00007ffb06650000 - 0x00007ffb06682000 	C:\WINDOWS\SYSTEM32\dbgcore.DLL
0x00007ffb22860000 - 0x00007ffb228db000 	C:\WINDOWS\System32\bcryptPrimitives.dll
0x00007ffb00b50000 - 0x00007ffb00b79000 	D:\AndroidStudio\jre\bin\java.dll
0x00007ffb1fbc0000 - 0x00007ffb1fbcb000 	D:\AndroidStudio\jre\bin\jimage.dll
0x00007ffb00b30000 - 0x00007ffb00b48000 	D:\AndroidStudio\jre\bin\zip.dll
0x00007ffb247a0000 - 0x00007ffb24f7c000 	C:\WINDOWS\System32\SHELL32.dll
0x00007ffb208b0000 - 0x00007ffb21166000 	C:\WINDOWS\SYSTEM32\windows.storage.dll
0x00007ffb20770000 - 0x00007ffb208ad000 	C:\WINDOWS\SYSTEM32\wintypes.dll
0x00007ffb246a0000 - 0x00007ffb24791000 	C:\WINDOWS\System32\SHCORE.dll
0x00007ffb23230000 - 0x00007ffb2328e000 	C:\WINDOWS\System32\shlwapi.dll
0x00007ffb22790000 - 0x00007ffb227b1000 	C:\WINDOWS\SYSTEM32\profapi.dll
0x00007ffb00b10000 - 0x00007ffb00b2a000 	D:\AndroidStudio\jre\bin\net.dll
0x00007ffb1c460000 - 0x00007ffb1c58f000 	C:\WINDOWS\SYSTEM32\WINHTTP.dll
0x00007ffb21d30000 - 0x00007ffb21d99000 	C:\WINDOWS\system32\mswsock.dll
0x00007ffb00af0000 - 0x00007ffb00b04000 	D:\AndroidStudio\jre\bin\nio.dll
0x00007ffb1cd30000 - 0x00007ffb1cd57000 	C:\Users\86157\.gradle\native\e1d6ef7f7dcc3fd88c89a11ec53ec762bb8ba0a96d01ffa2cd45eb1d1d8dd5c5\windows-amd64\native-platform.dll
0x00007ffad3cc0000 - 0x00007ffad3e04000 	C:\Users\86157\.gradle\native\5664cfc778a61ccfe75a443a1ab52a65af34e5dc3c78e0209fed803814484fcb\windows-amd64\native-platform-file-events.dll
0x00007ffb08fe0000 - 0x00007ffb08fea000 	D:\AndroidStudio\jre\bin\management.dll
0x00007ffb06a50000 - 0x00007ffb06a5d000 	D:\AndroidStudio\jre\bin\management_ext.dll
0x00007ffb21f80000 - 0x00007ffb21f9b000 	C:\WINDOWS\SYSTEM32\CRYPTSP.dll
0x00007ffb21850000 - 0x00007ffb21885000 	C:\WINDOWS\system32\rsaenh.dll
0x00007ffb21e30000 - 0x00007ffb21e58000 	C:\WINDOWS\SYSTEM32\USERENV.dll
0x00007ffb22140000 - 0x00007ffb22168000 	C:\WINDOWS\SYSTEM32\bcrypt.dll
0x00007ffb21fa0000 - 0x00007ffb21fac000 	C:\WINDOWS\SYSTEM32\CRYPTBASE.dll
0x00007ffb213c0000 - 0x00007ffb213ed000 	C:\WINDOWS\SYSTEM32\IPHLPAPI.DLL
0x00007ffb240a0000 - 0x00007ffb240a9000 	C:\WINDOWS\System32\NSI.dll
0x00007ffb1b880000 - 0x00007ffb1b899000 	C:\WINDOWS\SYSTEM32\dhcpcsvc6.DLL
0x00007ffb1b670000 - 0x00007ffb1b68f000 	C:\WINDOWS\SYSTEM32\dhcpcsvc.DLL
0x00007ffb21430000 - 0x00007ffb21522000 	C:\WINDOWS\SYSTEM32\DNSAPI.dll
0x00007ffaebbb0000 - 0x00007ffaebbd7000 	D:\AndroidStudio\jre\bin\sunec.dll

dbghelp: loaded successfully - version: 4.0.5 - missing functions: none
symbol engine: initialized successfully - sym options: 0x614 - pdb path: .;D:\AndroidStudio\jre\bin;C:\WINDOWS\SYSTEM32;C:\WINDOWS\WinSxS\amd64_microsoft.windows.common-controls_6595b64144ccf1df_6.0.22598.1_none_5f058c2d9dc925ef;D:\AndroidStudio\jre\bin\server;C:\Users\86157\.gradle\native\e1d6ef7f7dcc3fd88c89a11ec53ec762bb8ba0a96d01ffa2cd45eb1d1d8dd5c5\windows-amd64;C:\Users\86157\.gradle\native\5664cfc778a61ccfe75a443a1ab52a65af34e5dc3c78e0209fed803814484fcb\windows-amd64

VM Arguments:
jvm_args: --add-opens=java.base/java.util=ALL-UNNAMED --add-opens=java.base/java.lang=ALL-UNNAMED --add-opens=java.base/java.lang.invoke=ALL-UNNAMED --add-opens=java.base/java.util=ALL-UNNAMED --add-opens=java.prefs/java.util.prefs=ALL-UNNAMED --add-opens=java.prefs/java.util.prefs=ALL-UNNAMED --add-opens=java.base/java.nio.charset=ALL-UNNAMED --add-opens=java.base/java.net=ALL-UNNAMED --add-opens=java.base/java.util.concurrent.atomic=ALL-UNNAMED -Xmx2048m -Dfile.encoding=UTF-8 -Duser.country=CN -Duser.language=zh -Duser.variant 
java_command: org.gradle.launcher.daemon.bootstrap.GradleDaemon 7.2
java_class_path (initial): C:\Users\86157\.gradle\wrapper\dists\gradle-7.2-bin\2dnblmf4td7x66yl1d74lt32g\gradle-7.2\lib\gradle-launcher-7.2.jar
Launcher Type: SUN_STANDARD

[Global flags]
     intx CICompilerCount                          = 4                                         {product} {ergonomic}
     uint ConcGCThreads                            = 2                                         {product} {ergonomic}
     uint G1ConcRefinementThreads                  = 8                                         {product} {ergonomic}
   size_t G1HeapRegionSize                         = 1048576                                   {product} {ergonomic}
    uintx GCDrainStackTargetSize                   = 64                                        {product} {ergonomic}
   size_t InitialHeapSize                          = 132120576                                 {product} {ergonomic}
   size_t MarkStackSize                            = 4194304                                   {product} {ergonomic}
   size_t MaxHeapSize                              = 2147483648                                {product} {command line}
   size_t MaxNewSize                               = 1287651328                                {product} {ergonomic}
   size_t MinHeapDeltaBytes                        = 1048576                                   {product} {ergonomic}
    uintx NonNMethodCodeHeapSize                   = 5836300                                {pd product} {ergonomic}
    uintx NonProfiledCodeHeapSize                  = 122910970                              {pd product} {ergonomic}
    uintx ProfiledCodeHeapSize                     = 122910970                              {pd product} {ergonomic}
    uintx ReservedCodeCacheSize                    = 251658240                              {pd product} {ergonomic}
     bool SegmentedCodeCache                       = true                                      {product} {ergonomic}
     bool UseCompressedClassPointers               = true                                 {lp64_product} {ergonomic}
     bool UseCompressedOops                        = true                                 {lp64_product} {ergonomic}
     bool UseG1GC                                  = true                                      {product} {ergonomic}
     bool UseLargePagesIndividualAllocation        = false                                  {pd product} {ergonomic}

Logging:
Log output configuration:
 #0: stdout all=warning uptime,level,tags
 #1: stderr all=off uptime,level,tags

Environment Variables:
JAVA_HOME=C:\Program Files\AdoptOpenJDK\jdk-17.0.3.7-hotspot
PATH=C:\Program Files\AdoptOpenJDK\jdk-17.0.3.7-hotspot;C:\Windows\System32;C:\Windows;C:\Windows\System32\wbem;C:\Windows\System32\WindowsPowerShell\v1.0\;C:\Windows\System32\OpenSSH\;D:\Matlab\runtime\win64;D:\Matlab\bin;D:\Altium Designer Winter 09\System;D:\Latex\texlive\2020\bin\win32;C:\Program Files (x86)\GnuPG\bin;C:\Strawberry\c\bin;C:\Strawberry\perl\site\bin;C:\Strawberry\perl\bin;C:\Program Files\nodejs\;C:\Program Files\PuTTY\;C:\WINDOWS\system32;C:\WINDOWS;C:\WINDOWS\System32\Wbem;C:\WINDOWS\System32\WindowsPowerShell\v1.0\;C:\WINDOWS\System32\OpenSSH\;C:\Users\86157\AppData\Local\Programs\Python\Python39\Scripts\;C:\Users\86157\AppData\Local\Programs\Python\Python39\;C:\Program Files\MySQL\MySQL Shell 8.0\bin\;C:\Users\86157\AppData\Local\Microsoft\WindowsApps;D:\Microsoft VS Code\bin;C:\Python27;C:\Program Files\Azure Data Studio\bin;C:\Users\86157\AppData\Local\Pandoc\;C:\TDM-GCC-64\bin;C:\Users\86157\AppData\Roaming\npm;D:\ffmpeg\bin;C:\Users\86157\AppData\Local\Programs\Fiddler;C:\Users\86157\AppData\Local\Google\Chrome\Application;C:\Users\86157\AppData\Local\Microsoft\WindowsApps;C:\Users\86157\AppData\Local\GitHubDesktop\bin;
USERNAME=86157
OS=Windows_NT
PROCESSOR_IDENTIFIER=Intel64 Family 6 Model 142 Stepping 12, GenuineIntel



---------------  S Y S T E M  ---------------

OS: Windows 10 , 64 bit Build 22598 (10.0.22598.1)
OS uptime: 0 days 7:41 hours

CPU:total 8 (initial active 8) (4 cores per cpu, 2 threads per core) family 6 model 142 stepping 12 microcode 0xde, cmov, cx8, fxsr, mmx, sse, sse2, sse3, ssse3, sse4.1, sse4.2, popcnt, avx, avx2, aes, clmul, erms, 3dnowpref, lzcnt, ht, tsc, tscinvbit, bmi1, bmi2, adx, fma

Memory: 4k page, system-wide physical 8013M (247M free)
TotalPageFile size 16205M (AvailPageFile size 8M)
current process WorkingSet (physical memory assigned to process): 423M, peak: 424M
current process commit charge ("private bytes"): 459M, peak: 462M

vm_info: OpenJDK 64-Bit Server VM (11.0.11+9-b60-7590822) for windows-amd64 JRE (11.0.11+9-b60-7590822), built on Jul 29 2021 21:43:44 by "builder" with MS VC++ 14.0 (VS2015)

END.
